{"C:\\Users\\dainz\\code\\duoc\\FULLSTACK\\frontend\\src\\App.tsx": {"path":"C:\\Users\\dainz\\code\\duoc\\FULLSTACK\\frontend\\src\\App.tsx","statementMap":{"0":{"start":{"line":19,"column":4},"end":{"line":30,"column":null}}},"fnMap":{"0":{"name":"App","decl":{"start":{"line":18,"column":24},"end":{"line":18,"column":30}},"loc":{"start":{"line":18,"column":30},"end":{"line":32,"column":null}},"line":18}},"branchMap":{},"s":{"0":0},"f":{"0":0},"b":{},"meta":{"lastBranch":0,"lastFunction":1,"lastStatement":1,"seen":{"f:18:24:18:30":0,"s:19:4:30:Infinity":0},"fnNames":{}}}
,"C:\\Users\\dainz\\code\\duoc\\FULLSTACK\\frontend\\src\\api\\config.ts": {"path":"C:\\Users\\dainz\\code\\duoc\\FULLSTACK\\frontend\\src\\api\\config.ts","statementMap":{"0":{"start":{"line":1,"column":20},"end":{"line":1,"column":null}},"1":{"start":{"line":2,"column":13},"end":{"line":2,"column":null}},"2":{"start":{"line":3,"column":19},"end":{"line":3,"column":null}}},"fnMap":{},"branchMap":{"0":{"loc":{"start":{"line":1,"column":20},"end":{"line":1,"column":null}},"type":"binary-expr","locations":[{"start":{"line":1,"column":20},"end":{"line":1,"column":52}},{"start":{"line":1,"column":52},"end":{"line":1,"column":null}}],"line":1},"1":{"loc":{"start":{"line":2,"column":13},"end":{"line":2,"column":null}},"type":"cond-expr","locations":[{"start":{"line":2,"column":38},"end":{"line":2,"column":44}},{"start":{"line":2,"column":44},"end":{"line":2,"column":null}}],"line":2}},"s":{"0":4,"1":4,"2":4},"f":{},"b":{"0":[4,0],"1":[4,0]},"meta":{"lastBranch":2,"lastFunction":0,"lastStatement":3,"seen":{"s:1:20:1:Infinity":0,"b:1:20:1:52:1:52:1:Infinity":0,"s:2:13:2:Infinity":1,"b:2:38:2:44:2:44:2:Infinity":1,"s:3:19:3:Infinity":2},"fnNames":{}}}
,"C:\\Users\\dainz\\code\\duoc\\FULLSTACK\\frontend\\src\\api\\inventario.ts": {"path":"C:\\Users\\dainz\\code\\duoc\\FULLSTACK\\frontend\\src\\api\\inventario.ts","statementMap":{"0":{"start":{"line":11,"column":13},"end":{"line":12,"column":null}},"1":{"start":{"line":12,"column":4},"end":{"line":12,"column":null}},"2":{"start":{"line":12,"column":41},"end":{"line":12,"column":49}},"3":{"start":{"line":14,"column":13},"end":{"line":15,"column":null}},"4":{"start":{"line":15,"column":4},"end":{"line":15,"column":null}},"5":{"start":{"line":15,"column":47},"end":{"line":15,"column":55}},"6":{"start":{"line":17,"column":13},"end":{"line":22,"column":null}},"7":{"start":{"line":18,"column":4},"end":{"line":22,"column":null}},"8":{"start":{"line":22,"column":19},"end":{"line":22,"column":27}},"9":{"start":{"line":24,"column":13},"end":{"line":32,"column":null}},"10":{"start":{"line":28,"column":4},"end":{"line":32,"column":null}},"11":{"start":{"line":32,"column":19},"end":{"line":32,"column":27}},"12":{"start":{"line":34,"column":13},"end":{"line":35,"column":null}},"13":{"start":{"line":35,"column":4},"end":{"line":35,"column":null}},"14":{"start":{"line":35,"column":68},"end":{"line":35,"column":77}},"15":{"start":{"line":38,"column":13},"end":{"line":39,"column":null}},"16":{"start":{"line":39,"column":4},"end":{"line":39,"column":null}},"17":{"start":{"line":39,"column":43},"end":{"line":39,"column":51}},"18":{"start":{"line":41,"column":13},"end":{"line":42,"column":null}},"19":{"start":{"line":42,"column":4},"end":{"line":42,"column":null}},"20":{"start":{"line":42,"column":49},"end":{"line":42,"column":57}},"21":{"start":{"line":44,"column":13},"end":{"line":49,"column":null}},"22":{"start":{"line":45,"column":4},"end":{"line":49,"column":null}},"23":{"start":{"line":49,"column":19},"end":{"line":49,"column":27}},"24":{"start":{"line":51,"column":13},"end":{"line":59,"column":null}},"25":{"start":{"line":55,"column":4},"end":{"line":59,"column":null}},"26":{"start":{"line":59,"column":19},"end":{"line":59,"column":27}},"27":{"start":{"line":61,"column":13},"end":{"line":64,"column":null}},"28":{"start":{"line":62,"column":4},"end":{"line":64,"column":null}},"29":{"start":{"line":63,"column":14},"end":{"line":63,"column":null}},"30":{"start":{"line":67,"column":13},"end":{"line":68,"column":null}},"31":{"start":{"line":68,"column":4},"end":{"line":68,"column":null}},"32":{"start":{"line":68,"column":41},"end":{"line":68,"column":49}},"33":{"start":{"line":70,"column":13},"end":{"line":71,"column":null}},"34":{"start":{"line":71,"column":4},"end":{"line":71,"column":null}},"35":{"start":{"line":71,"column":47},"end":{"line":71,"column":55}},"36":{"start":{"line":73,"column":13},"end":{"line":78,"column":null}},"37":{"start":{"line":74,"column":4},"end":{"line":78,"column":null}},"38":{"start":{"line":78,"column":19},"end":{"line":78,"column":27}},"39":{"start":{"line":80,"column":13},"end":{"line":88,"column":null}},"40":{"start":{"line":84,"column":4},"end":{"line":88,"column":null}},"41":{"start":{"line":88,"column":19},"end":{"line":88,"column":27}},"42":{"start":{"line":90,"column":13},"end":{"line":91,"column":null}},"43":{"start":{"line":91,"column":4},"end":{"line":91,"column":null}},"44":{"start":{"line":91,"column":68},"end":{"line":91,"column":77}}},"fnMap":{"0":{"name":"(anonymous_0)","decl":{"start":{"line":11,"column":13},"end":{"line":11,"column":null}},"loc":{"start":{"line":12,"column":4},"end":{"line":12,"column":null}},"line":12},"1":{"name":"(anonymous_1)","decl":{"start":{"line":12,"column":29},"end":{"line":12,"column":35}},"loc":{"start":{"line":12,"column":41},"end":{"line":12,"column":49}},"line":12},"2":{"name":"(anonymous_2)","decl":{"start":{"line":14,"column":13},"end":{"line":14,"column":26}},"loc":{"start":{"line":15,"column":4},"end":{"line":15,"column":null}},"line":15},"3":{"name":"(anonymous_3)","decl":{"start":{"line":15,"column":35},"end":{"line":15,"column":41}},"loc":{"start":{"line":15,"column":47},"end":{"line":15,"column":55}},"line":15},"4":{"name":"(anonymous_4)","decl":{"start":{"line":17,"column":13},"end":{"line":17,"column":29}},"loc":{"start":{"line":18,"column":4},"end":{"line":22,"column":null}},"line":18},"5":{"name":"(anonymous_5)","decl":{"start":{"line":22,"column":7},"end":{"line":22,"column":13}},"loc":{"start":{"line":22,"column":19},"end":{"line":22,"column":27}},"line":22},"6":{"name":"(anonymous_6)","decl":{"start":{"line":24,"column":13},"end":{"line":24,"column":null}},"loc":{"start":{"line":28,"column":4},"end":{"line":32,"column":null}},"line":28},"7":{"name":"(anonymous_7)","decl":{"start":{"line":32,"column":7},"end":{"line":32,"column":13}},"loc":{"start":{"line":32,"column":19},"end":{"line":32,"column":27}},"line":32},"8":{"name":"(anonymous_8)","decl":{"start":{"line":34,"column":13},"end":{"line":34,"column":29}},"loc":{"start":{"line":35,"column":4},"end":{"line":35,"column":null}},"line":35},"9":{"name":"(anonymous_9)","decl":{"start":{"line":35,"column":57},"end":{"line":35,"column":68}},"loc":{"start":{"line":35,"column":68},"end":{"line":35,"column":77}},"line":35},"10":{"name":"(anonymous_10)","decl":{"start":{"line":38,"column":13},"end":{"line":38,"column":null}},"loc":{"start":{"line":39,"column":4},"end":{"line":39,"column":null}},"line":39},"11":{"name":"(anonymous_11)","decl":{"start":{"line":39,"column":31},"end":{"line":39,"column":37}},"loc":{"start":{"line":39,"column":43},"end":{"line":39,"column":51}},"line":39},"12":{"name":"(anonymous_12)","decl":{"start":{"line":41,"column":13},"end":{"line":41,"column":29}},"loc":{"start":{"line":42,"column":4},"end":{"line":42,"column":null}},"line":42},"13":{"name":"(anonymous_13)","decl":{"start":{"line":42,"column":37},"end":{"line":42,"column":43}},"loc":{"start":{"line":42,"column":49},"end":{"line":42,"column":57}},"line":42},"14":{"name":"(anonymous_14)","decl":{"start":{"line":44,"column":13},"end":{"line":44,"column":32}},"loc":{"start":{"line":45,"column":4},"end":{"line":49,"column":null}},"line":45},"15":{"name":"(anonymous_15)","decl":{"start":{"line":49,"column":7},"end":{"line":49,"column":13}},"loc":{"start":{"line":49,"column":19},"end":{"line":49,"column":27}},"line":49},"16":{"name":"(anonymous_16)","decl":{"start":{"line":51,"column":13},"end":{"line":51,"column":null}},"loc":{"start":{"line":55,"column":4},"end":{"line":59,"column":null}},"line":55},"17":{"name":"(anonymous_17)","decl":{"start":{"line":59,"column":7},"end":{"line":59,"column":13}},"loc":{"start":{"line":59,"column":19},"end":{"line":59,"column":27}},"line":59},"18":{"name":"(anonymous_18)","decl":{"start":{"line":61,"column":13},"end":{"line":61,"column":32}},"loc":{"start":{"line":62,"column":4},"end":{"line":64,"column":null}},"line":62},"19":{"name":"(anonymous_19)","decl":{"start":{"line":62,"column":59},"end":{"line":62,"column":null}},"loc":{"start":{"line":63,"column":14},"end":{"line":63,"column":null}},"line":63},"20":{"name":"(anonymous_20)","decl":{"start":{"line":67,"column":13},"end":{"line":67,"column":null}},"loc":{"start":{"line":68,"column":4},"end":{"line":68,"column":null}},"line":68},"21":{"name":"(anonymous_21)","decl":{"start":{"line":68,"column":29},"end":{"line":68,"column":35}},"loc":{"start":{"line":68,"column":41},"end":{"line":68,"column":49}},"line":68},"22":{"name":"(anonymous_22)","decl":{"start":{"line":70,"column":13},"end":{"line":70,"column":27}},"loc":{"start":{"line":71,"column":4},"end":{"line":71,"column":null}},"line":71},"23":{"name":"(anonymous_23)","decl":{"start":{"line":71,"column":35},"end":{"line":71,"column":41}},"loc":{"start":{"line":71,"column":47},"end":{"line":71,"column":55}},"line":71},"24":{"name":"(anonymous_24)","decl":{"start":{"line":73,"column":13},"end":{"line":73,"column":30}},"loc":{"start":{"line":74,"column":4},"end":{"line":78,"column":null}},"line":74},"25":{"name":"(anonymous_25)","decl":{"start":{"line":78,"column":7},"end":{"line":78,"column":13}},"loc":{"start":{"line":78,"column":19},"end":{"line":78,"column":27}},"line":78},"26":{"name":"(anonymous_26)","decl":{"start":{"line":80,"column":13},"end":{"line":80,"column":null}},"loc":{"start":{"line":84,"column":4},"end":{"line":88,"column":null}},"line":84},"27":{"name":"(anonymous_27)","decl":{"start":{"line":88,"column":7},"end":{"line":88,"column":13}},"loc":{"start":{"line":88,"column":19},"end":{"line":88,"column":27}},"line":88},"28":{"name":"(anonymous_28)","decl":{"start":{"line":90,"column":13},"end":{"line":90,"column":30}},"loc":{"start":{"line":91,"column":4},"end":{"line":91,"column":null}},"line":91},"29":{"name":"(anonymous_29)","decl":{"start":{"line":91,"column":57},"end":{"line":91,"column":68}},"loc":{"start":{"line":91,"column":68},"end":{"line":91,"column":77}},"line":91}},"branchMap":{},"s":{"0":1,"1":1,"2":1,"3":1,"4":1,"5":1,"6":1,"7":1,"8":1,"9":1,"10":1,"11":1,"12":1,"13":1,"14":1,"15":1,"16":1,"17":1,"18":1,"19":0,"20":0,"21":1,"22":1,"23":1,"24":1,"25":0,"26":0,"27":1,"28":0,"29":0,"30":1,"31":1,"32":1,"33":1,"34":0,"35":0,"36":1,"37":1,"38":1,"39":1,"40":1,"41":1,"42":1,"43":1,"44":1},"f":{"0":1,"1":1,"2":1,"3":1,"4":1,"5":1,"6":1,"7":1,"8":1,"9":1,"10":1,"11":1,"12":0,"13":0,"14":1,"15":1,"16":0,"17":0,"18":0,"19":0,"20":1,"21":1,"22":0,"23":0,"24":1,"25":1,"26":1,"27":1,"28":1,"29":1},"b":{},"meta":{"lastBranch":0,"lastFunction":30,"lastStatement":45,"seen":{"s:11:13:12:Infinity":0,"f:11:13:11:Infinity":0,"s:12:4:12:Infinity":1,"f:12:29:12:35":1,"s:12:41:12:49":2,"s:14:13:15:Infinity":3,"f:14:13:14:26":2,"s:15:4:15:Infinity":4,"f:15:35:15:41":3,"s:15:47:15:55":5,"s:17:13:22:Infinity":6,"f:17:13:17:29":4,"s:18:4:22:Infinity":7,"f:22:7:22:13":5,"s:22:19:22:27":8,"s:24:13:32:Infinity":9,"f:24:13:24:Infinity":6,"s:28:4:32:Infinity":10,"f:32:7:32:13":7,"s:32:19:32:27":11,"s:34:13:35:Infinity":12,"f:34:13:34:29":8,"s:35:4:35:Infinity":13,"f:35:57:35:68":9,"s:35:68:35:77":14,"s:38:13:39:Infinity":15,"f:38:13:38:Infinity":10,"s:39:4:39:Infinity":16,"f:39:31:39:37":11,"s:39:43:39:51":17,"s:41:13:42:Infinity":18,"f:41:13:41:29":12,"s:42:4:42:Infinity":19,"f:42:37:42:43":13,"s:42:49:42:57":20,"s:44:13:49:Infinity":21,"f:44:13:44:32":14,"s:45:4:49:Infinity":22,"f:49:7:49:13":15,"s:49:19:49:27":23,"s:51:13:59:Infinity":24,"f:51:13:51:Infinity":16,"s:55:4:59:Infinity":25,"f:59:7:59:13":17,"s:59:19:59:27":26,"s:61:13:64:Infinity":27,"f:61:13:61:32":18,"s:62:4:64:Infinity":28,"f:62:59:62:Infinity":19,"s:63:14:63:Infinity":29,"s:67:13:68:Infinity":30,"f:67:13:67:Infinity":20,"s:68:4:68:Infinity":31,"f:68:29:68:35":21,"s:68:41:68:49":32,"s:70:13:71:Infinity":33,"f:70:13:70:27":22,"s:71:4:71:Infinity":34,"f:71:35:71:41":23,"s:71:47:71:55":35,"s:73:13:78:Infinity":36,"f:73:13:73:30":24,"s:74:4:78:Infinity":37,"f:78:7:78:13":25,"s:78:19:78:27":38,"s:80:13:88:Infinity":39,"f:80:13:80:Infinity":26,"s:84:4:88:Infinity":40,"f:88:7:88:13":27,"s:88:19:88:27":41,"s:90:13:91:Infinity":42,"f:90:13:90:30":28,"s:91:4:91:Infinity":43,"f:91:57:91:68":29,"s:91:68:91:77":44},"fnNames":{}}}
,"C:\\Users\\dainz\\code\\duoc\\FULLSTACK\\frontend\\src\\api\\pedidos.ts": {"path":"C:\\Users\\dainz\\code\\duoc\\FULLSTACK\\frontend\\src\\api\\pedidos.ts","statementMap":{"0":{"start":{"line":39,"column":6},"end":{"line":45,"column":null}},"1":{"start":{"line":39,"column":50},"end":{"line":45,"column":null}},"2":{"start":{"line":44,"column":36},"end":{"line":44,"column":85}},"3":{"start":{"line":48,"column":16},"end":{"line":58,"column":null}},"4":{"start":{"line":49,"column":4},"end":{"line":49,"column":null}},"5":{"start":{"line":49,"column":14},"end":{"line":49,"column":null}},"6":{"start":{"line":50,"column":14},"end":{"line":50,"column":null}},"7":{"start":{"line":51,"column":4},"end":{"line":56,"column":null}},"8":{"start":{"line":52,"column":21},"end":{"line":52,"column":null}},"9":{"start":{"line":53,"column":8},"end":{"line":53,"column":null}},"10":{"start":{"line":55,"column":8},"end":{"line":55,"column":null}},"11":{"start":{"line":55,"column":14},"end":{"line":55,"column":36}},"12":{"start":{"line":57,"column":4},"end":{"line":57,"column":null}},"13":{"start":{"line":62,"column":13},"end":{"line":68,"column":null}},"14":{"start":{"line":63,"column":4},"end":{"line":68,"column":null}},"15":{"start":{"line":65,"column":19},"end":{"line":65,"column":27}},"16":{"start":{"line":67,"column":12},"end":{"line":67,"column":null}},"17":{"start":{"line":70,"column":13},"end":{"line":74,"column":null}},"18":{"start":{"line":71,"column":4},"end":{"line":74,"column":null}},"19":{"start":{"line":73,"column":19},"end":{"line":73,"column":27}},"20":{"start":{"line":76,"column":13},"end":{"line":102,"column":null}},"21":{"start":{"line":82,"column":40},"end":{"line":90,"column":null}},"22":{"start":{"line":86,"column":42},"end":{"line":89,"column":10}},"23":{"start":{"line":92,"column":4},"end":{"line":92,"column":null}},"24":{"start":{"line":94,"column":4},"end":{"line":101,"column":null}},"25":{"start":{"line":100,"column":19},"end":{"line":100,"column":27}},"26":{"start":{"line":104,"column":13},"end":{"line":109,"column":null}},"27":{"start":{"line":105,"column":4},"end":{"line":109,"column":null}},"28":{"start":{"line":109,"column":20},"end":{"line":109,"column":29}},"29":{"start":{"line":111,"column":13},"end":{"line":114,"column":null}},"30":{"start":{"line":112,"column":4},"end":{"line":114,"column":null}},"31":{"start":{"line":114,"column":20},"end":{"line":114,"column":29}}},"fnMap":{"0":{"name":"(anonymous_0)","decl":{"start":{"line":39,"column":6},"end":{"line":39,"column":18}},"loc":{"start":{"line":39,"column":50},"end":{"line":45,"column":null}},"line":39},"1":{"name":"(anonymous_1)","decl":{"start":{"line":44,"column":26},"end":{"line":44,"column":30}},"loc":{"start":{"line":44,"column":36},"end":{"line":44,"column":85}},"line":44},"2":{"name":"(anonymous_2)","decl":{"start":{"line":48,"column":16},"end":{"line":48,"column":23}},"loc":{"start":{"line":48,"column":58},"end":{"line":58,"column":null}},"line":48},"3":{"name":"(anonymous_3)","decl":{"start":{"line":62,"column":13},"end":{"line":62,"column":null}},"loc":{"start":{"line":63,"column":4},"end":{"line":68,"column":null}},"line":63},"4":{"name":"(anonymous_4)","decl":{"start":{"line":65,"column":9},"end":{"line":65,"column":14}},"loc":{"start":{"line":65,"column":19},"end":{"line":65,"column":27}},"line":65},"5":{"name":"(anonymous_5)","decl":{"start":{"line":66,"column":9},"end":{"line":66,"column":15}},"loc":{"start":{"line":67,"column":12},"end":{"line":67,"column":null}},"line":67},"6":{"name":"(anonymous_6)","decl":{"start":{"line":70,"column":13},"end":{"line":70,"column":25}},"loc":{"start":{"line":71,"column":4},"end":{"line":74,"column":null}},"line":71},"7":{"name":"(anonymous_7)","decl":{"start":{"line":73,"column":9},"end":{"line":73,"column":14}},"loc":{"start":{"line":73,"column":19},"end":{"line":73,"column":27}},"line":73},"8":{"name":"(anonymous_8)","decl":{"start":{"line":76,"column":13},"end":{"line":76,"column":28}},"loc":{"start":{"line":80,"column":22},"end":{"line":102,"column":null}},"line":80},"9":{"name":"(anonymous_9)","decl":{"start":{"line":86,"column":32},"end":{"line":86,"column":36}},"loc":{"start":{"line":86,"column":42},"end":{"line":89,"column":10}},"line":86},"10":{"name":"(anonymous_10)","decl":{"start":{"line":100,"column":9},"end":{"line":100,"column":14}},"loc":{"start":{"line":100,"column":19},"end":{"line":100,"column":27}},"line":100},"11":{"name":"(anonymous_11)","decl":{"start":{"line":104,"column":13},"end":{"line":104,"column":34}},"loc":{"start":{"line":105,"column":4},"end":{"line":109,"column":null}},"line":105},"12":{"name":"(anonymous_12)","decl":{"start":{"line":109,"column":9},"end":{"line":109,"column":20}},"loc":{"start":{"line":109,"column":20},"end":{"line":109,"column":29}},"line":109},"13":{"name":"(anonymous_13)","decl":{"start":{"line":111,"column":13},"end":{"line":111,"column":28}},"loc":{"start":{"line":112,"column":4},"end":{"line":114,"column":null}},"line":112},"14":{"name":"(anonymous_14)","decl":{"start":{"line":114,"column":9},"end":{"line":114,"column":20}},"loc":{"start":{"line":114,"column":20},"end":{"line":114,"column":29}},"line":114}},"branchMap":{"0":{"loc":{"start":{"line":49,"column":4},"end":{"line":49,"column":null}},"type":"if","locations":[{"start":{"line":49,"column":4},"end":{"line":49,"column":null}},{"start":{},"end":{}}],"line":49},"1":{"loc":{"start":{"line":53,"column":14},"end":{"line":53,"column":null}},"type":"binary-expr","locations":[{"start":{"line":53,"column":14},"end":{"line":53,"column":31}},{"start":{"line":53,"column":31},"end":{"line":53,"column":46}},{"start":{"line":53,"column":46},"end":{"line":53,"column":70}},{"start":{"line":53,"column":70},"end":{"line":53,"column":null}}],"line":53},"2":{"loc":{"start":{"line":67,"column":12},"end":{"line":67,"column":null}},"type":"cond-expr","locations":[{"start":{"line":67,"column":34},"end":{"line":67,"column":55}},{"start":{"line":67,"column":55},"end":{"line":67,"column":null}}],"line":67}},"s":{"0":1,"1":3,"2":1,"3":1,"4":9,"5":6,"6":3,"7":3,"8":3,"9":2,"10":1,"11":1,"12":3,"13":1,"14":4,"15":2,"16":2,"17":1,"18":1,"19":1,"20":1,"21":1,"22":1,"23":1,"24":1,"25":1,"26":1,"27":1,"28":1,"29":1,"30":2,"31":1},"f":{"0":3,"1":1,"2":9,"3":4,"4":2,"5":2,"6":1,"7":1,"8":1,"9":1,"10":1,"11":1,"12":1,"13":2,"14":1},"b":{"0":[6,3],"1":[2,1,0,0],"2":[1,1]},"meta":{"lastBranch":3,"lastFunction":15,"lastStatement":32,"seen":{"s:39:6:45:Infinity":0,"f:39:6:39:18":0,"s:39:50:45:Infinity":1,"f:44:26:44:30":1,"s:44:36:44:85":2,"s:48:16:58:Infinity":3,"f:48:16:48:23":2,"b:49:4:49:Infinity:undefined:undefined:undefined:undefined":0,"s:49:4:49:Infinity":4,"s:49:14:49:Infinity":5,"s:50:14:50:Infinity":6,"s:51:4:56:Infinity":7,"s:52:21:52:Infinity":8,"s:53:8:53:Infinity":9,"b:53:14:53:31:53:31:53:46:53:46:53:70:53:70:53:Infinity":1,"s:55:8:55:Infinity":10,"s:55:14:55:36":11,"s:57:4:57:Infinity":12,"s:62:13:68:Infinity":13,"f:62:13:62:Infinity":3,"s:63:4:68:Infinity":14,"f:65:9:65:14":4,"s:65:19:65:27":15,"f:66:9:66:15":5,"s:67:12:67:Infinity":16,"b:67:34:67:55:67:55:67:Infinity":2,"s:70:13:74:Infinity":17,"f:70:13:70:25":6,"s:71:4:74:Infinity":18,"f:73:9:73:14":7,"s:73:19:73:27":19,"s:76:13:102:Infinity":20,"f:76:13:76:28":8,"s:82:40:90:Infinity":21,"f:86:32:86:36":9,"s:86:42:89:10":22,"s:92:4:92:Infinity":23,"s:94:4:101:Infinity":24,"f:100:9:100:14":10,"s:100:19:100:27":25,"s:104:13:109:Infinity":26,"f:104:13:104:34":11,"s:105:4:109:Infinity":27,"f:109:9:109:20":12,"s:109:20:109:29":28,"s:111:13:114:Infinity":29,"f:111:13:111:28":13,"s:112:4:114:Infinity":30,"f:114:9:114:20":14,"s:114:20:114:29":31},"fnNames":{}}}
,"C:\\Users\\dainz\\code\\duoc\\FULLSTACK\\frontend\\src\\api\\usuarios.ts": {"path":"C:\\Users\\dainz\\code\\duoc\\FULLSTACK\\frontend\\src\\api\\usuarios.ts","statementMap":{"0":{"start":{"line":5,"column":13},"end":{"line":6,"column":null}},"1":{"start":{"line":6,"column":4},"end":{"line":6,"column":null}},"2":{"start":{"line":6,"column":38},"end":{"line":6,"column":46}},"3":{"start":{"line":8,"column":13},"end":{"line":9,"column":null}},"4":{"start":{"line":9,"column":4},"end":{"line":9,"column":null}},"5":{"start":{"line":9,"column":44},"end":{"line":9,"column":52}},"6":{"start":{"line":11,"column":13},"end":{"line":16,"column":null}},"7":{"start":{"line":12,"column":4},"end":{"line":16,"column":null}},"8":{"start":{"line":16,"column":19},"end":{"line":16,"column":27}},"9":{"start":{"line":18,"column":13},"end":{"line":23,"column":null}},"10":{"start":{"line":19,"column":4},"end":{"line":23,"column":null}},"11":{"start":{"line":23,"column":19},"end":{"line":23,"column":27}},"12":{"start":{"line":25,"column":13},"end":{"line":26,"column":null}},"13":{"start":{"line":26,"column":4},"end":{"line":26,"column":null}},"14":{"start":{"line":26,"column":65},"end":{"line":26,"column":74}},"15":{"start":{"line":29,"column":13},"end":{"line":30,"column":null}},"16":{"start":{"line":30,"column":4},"end":{"line":30,"column":null}},"17":{"start":{"line":30,"column":38},"end":{"line":30,"column":46}},"18":{"start":{"line":32,"column":13},"end":{"line":33,"column":null}},"19":{"start":{"line":33,"column":4},"end":{"line":33,"column":null}},"20":{"start":{"line":33,"column":44},"end":{"line":33,"column":52}},"21":{"start":{"line":35,"column":13},"end":{"line":36,"column":null}},"22":{"start":{"line":36,"column":4},"end":{"line":36,"column":null}},"23":{"start":{"line":36,"column":52},"end":{"line":36,"column":60}},"24":{"start":{"line":38,"column":13},"end":{"line":41,"column":null}},"25":{"start":{"line":39,"column":4},"end":{"line":41,"column":null}},"26":{"start":{"line":40,"column":8},"end":{"line":40,"column":null}},"27":{"start":{"line":54,"column":13},"end":{"line":59,"column":null}},"28":{"start":{"line":55,"column":4},"end":{"line":59,"column":null}},"29":{"start":{"line":59,"column":19},"end":{"line":59,"column":27}},"30":{"start":{"line":61,"column":13},"end":{"line":69,"column":null}},"31":{"start":{"line":65,"column":4},"end":{"line":69,"column":null}},"32":{"start":{"line":69,"column":19},"end":{"line":69,"column":27}},"33":{"start":{"line":71,"column":13},"end":{"line":72,"column":null}},"34":{"start":{"line":72,"column":4},"end":{"line":72,"column":null}},"35":{"start":{"line":72,"column":65},"end":{"line":72,"column":74}}},"fnMap":{"0":{"name":"(anonymous_0)","decl":{"start":{"line":5,"column":13},"end":{"line":5,"column":null}},"loc":{"start":{"line":6,"column":4},"end":{"line":6,"column":null}},"line":6},"1":{"name":"(anonymous_1)","decl":{"start":{"line":6,"column":26},"end":{"line":6,"column":32}},"loc":{"start":{"line":6,"column":38},"end":{"line":6,"column":46}},"line":6},"2":{"name":"(anonymous_2)","decl":{"start":{"line":8,"column":13},"end":{"line":8,"column":24}},"loc":{"start":{"line":9,"column":4},"end":{"line":9,"column":null}},"line":9},"3":{"name":"(anonymous_3)","decl":{"start":{"line":9,"column":32},"end":{"line":9,"column":38}},"loc":{"start":{"line":9,"column":44},"end":{"line":9,"column":52}},"line":9},"4":{"name":"(anonymous_4)","decl":{"start":{"line":11,"column":13},"end":{"line":11,"column":27}},"loc":{"start":{"line":12,"column":4},"end":{"line":16,"column":null}},"line":12},"5":{"name":"(anonymous_5)","decl":{"start":{"line":16,"column":7},"end":{"line":16,"column":13}},"loc":{"start":{"line":16,"column":19},"end":{"line":16,"column":27}},"line":16},"6":{"name":"(anonymous_6)","decl":{"start":{"line":18,"column":13},"end":{"line":18,"column":27}},"loc":{"start":{"line":19,"column":4},"end":{"line":23,"column":null}},"line":19},"7":{"name":"(anonymous_7)","decl":{"start":{"line":23,"column":7},"end":{"line":23,"column":13}},"loc":{"start":{"line":23,"column":19},"end":{"line":23,"column":27}},"line":23},"8":{"name":"(anonymous_8)","decl":{"start":{"line":25,"column":13},"end":{"line":25,"column":27}},"loc":{"start":{"line":26,"column":4},"end":{"line":26,"column":null}},"line":26},"9":{"name":"(anonymous_9)","decl":{"start":{"line":26,"column":54},"end":{"line":26,"column":65}},"loc":{"start":{"line":26,"column":65},"end":{"line":26,"column":74}},"line":26},"10":{"name":"(anonymous_10)","decl":{"start":{"line":29,"column":13},"end":{"line":29,"column":null}},"loc":{"start":{"line":30,"column":4},"end":{"line":30,"column":null}},"line":30},"11":{"name":"(anonymous_11)","decl":{"start":{"line":30,"column":26},"end":{"line":30,"column":32}},"loc":{"start":{"line":30,"column":38},"end":{"line":30,"column":46}},"line":30},"12":{"name":"(anonymous_12)","decl":{"start":{"line":32,"column":13},"end":{"line":32,"column":24}},"loc":{"start":{"line":33,"column":4},"end":{"line":33,"column":null}},"line":33},"13":{"name":"(anonymous_13)","decl":{"start":{"line":33,"column":32},"end":{"line":33,"column":38}},"loc":{"start":{"line":33,"column":44},"end":{"line":33,"column":52}},"line":33},"14":{"name":"(anonymous_14)","decl":{"start":{"line":35,"column":13},"end":{"line":35,"column":29}},"loc":{"start":{"line":36,"column":4},"end":{"line":36,"column":null}},"line":36},"15":{"name":"(anonymous_15)","decl":{"start":{"line":36,"column":40},"end":{"line":36,"column":46}},"loc":{"start":{"line":36,"column":52},"end":{"line":36,"column":60}},"line":36},"16":{"name":"(anonymous_16)","decl":{"start":{"line":38,"column":13},"end":{"line":38,"column":28}},"loc":{"start":{"line":39,"column":4},"end":{"line":41,"column":null}},"line":39},"17":{"name":"(anonymous_17)","decl":{"start":{"line":39,"column":60},"end":{"line":39,"column":66}},"loc":{"start":{"line":40,"column":8},"end":{"line":40,"column":null}},"line":40},"18":{"name":"(anonymous_18)","decl":{"start":{"line":54,"column":13},"end":{"line":54,"column":27}},"loc":{"start":{"line":55,"column":4},"end":{"line":59,"column":null}},"line":55},"19":{"name":"(anonymous_19)","decl":{"start":{"line":59,"column":7},"end":{"line":59,"column":13}},"loc":{"start":{"line":59,"column":19},"end":{"line":59,"column":27}},"line":59},"20":{"name":"(anonymous_20)","decl":{"start":{"line":61,"column":13},"end":{"line":61,"column":null}},"loc":{"start":{"line":65,"column":4},"end":{"line":69,"column":null}},"line":65},"21":{"name":"(anonymous_21)","decl":{"start":{"line":69,"column":7},"end":{"line":69,"column":13}},"loc":{"start":{"line":69,"column":19},"end":{"line":69,"column":27}},"line":69},"22":{"name":"(anonymous_22)","decl":{"start":{"line":71,"column":13},"end":{"line":71,"column":27}},"loc":{"start":{"line":72,"column":4},"end":{"line":72,"column":null}},"line":72},"23":{"name":"(anonymous_23)","decl":{"start":{"line":72,"column":54},"end":{"line":72,"column":65}},"loc":{"start":{"line":72,"column":65},"end":{"line":72,"column":74}},"line":72}},"branchMap":{},"s":{"0":1,"1":1,"2":1,"3":1,"4":1,"5":1,"6":1,"7":1,"8":1,"9":1,"10":1,"11":1,"12":1,"13":1,"14":1,"15":1,"16":1,"17":1,"18":1,"19":1,"20":1,"21":1,"22":1,"23":1,"24":1,"25":1,"26":1,"27":1,"28":1,"29":1,"30":1,"31":1,"32":1,"33":1,"34":1,"35":1},"f":{"0":1,"1":1,"2":1,"3":1,"4":1,"5":1,"6":1,"7":1,"8":1,"9":1,"10":1,"11":1,"12":1,"13":1,"14":1,"15":1,"16":1,"17":1,"18":1,"19":1,"20":1,"21":1,"22":1,"23":1},"b":{},"meta":{"lastBranch":0,"lastFunction":24,"lastStatement":36,"seen":{"s:5:13:6:Infinity":0,"f:5:13:5:Infinity":0,"s:6:4:6:Infinity":1,"f:6:26:6:32":1,"s:6:38:6:46":2,"s:8:13:9:Infinity":3,"f:8:13:8:24":2,"s:9:4:9:Infinity":4,"f:9:32:9:38":3,"s:9:44:9:52":5,"s:11:13:16:Infinity":6,"f:11:13:11:27":4,"s:12:4:16:Infinity":7,"f:16:7:16:13":5,"s:16:19:16:27":8,"s:18:13:23:Infinity":9,"f:18:13:18:27":6,"s:19:4:23:Infinity":10,"f:23:7:23:13":7,"s:23:19:23:27":11,"s:25:13:26:Infinity":12,"f:25:13:25:27":8,"s:26:4:26:Infinity":13,"f:26:54:26:65":9,"s:26:65:26:74":14,"s:29:13:30:Infinity":15,"f:29:13:29:Infinity":10,"s:30:4:30:Infinity":16,"f:30:26:30:32":11,"s:30:38:30:46":17,"s:32:13:33:Infinity":18,"f:32:13:32:24":12,"s:33:4:33:Infinity":19,"f:33:32:33:38":13,"s:33:44:33:52":20,"s:35:13:36:Infinity":21,"f:35:13:35:29":14,"s:36:4:36:Infinity":22,"f:36:40:36:46":15,"s:36:52:36:60":23,"s:38:13:41:Infinity":24,"f:38:13:38:28":16,"s:39:4:41:Infinity":25,"f:39:60:39:66":17,"s:40:8:40:Infinity":26,"s:54:13:59:Infinity":27,"f:54:13:54:27":18,"s:55:4:59:Infinity":28,"f:59:7:59:13":19,"s:59:19:59:27":29,"s:61:13:69:Infinity":30,"f:61:13:61:Infinity":20,"s:65:4:69:Infinity":31,"f:69:7:69:13":21,"s:69:19:69:27":32,"s:71:13:72:Infinity":33,"f:71:13:71:27":22,"s:72:4:72:Infinity":34,"f:72:54:72:65":23,"s:72:65:72:74":35},"fnNames":{}}}
,"C:\\Users\\dainz\\code\\duoc\\FULLSTACK\\frontend\\src\\components\\Layout.tsx": {"path":"C:\\Users\\dainz\\code\\duoc\\FULLSTACK\\frontend\\src\\components\\Layout.tsx","statementMap":{"0":{"start":{"line":5,"column":2},"end":{"line":11,"column":null}}},"fnMap":{"0":{"name":"Layout","decl":{"start":{"line":4,"column":24},"end":{"line":4,"column":33}},"loc":{"start":{"line":4,"column":33},"end":{"line":13,"column":null}},"line":4}},"branchMap":{},"s":{"0":0},"f":{"0":0},"b":{},"meta":{"lastBranch":0,"lastFunction":1,"lastStatement":1,"seen":{"f:4:24:4:33":0,"s:5:2:11:Infinity":0},"fnNames":{}}}
,"C:\\Users\\dainz\\code\\duoc\\FULLSTACK\\frontend\\src\\components\\Sidebar.tsx": {"path":"C:\\Users\\dainz\\code\\duoc\\FULLSTACK\\frontend\\src\\components\\Sidebar.tsx","statementMap":{"0":{"start":{"line":3,"column":17},"end":{"line":31,"column":null}},"1":{"start":{"line":34,"column":2},"end":{"line":75,"column":null}},"2":{"start":{"line":47,"column":10},"end":{"line":66,"column":null}},"3":{"start":{"line":53,"column":14},"end":{"line":64,"column":null}},"4":{"start":{"line":58,"column":18},"end":{"line":59,"column":null}}},"fnMap":{"0":{"name":"Sidebar","decl":{"start":{"line":33,"column":24},"end":{"line":33,"column":34}},"loc":{"start":{"line":33,"column":34},"end":{"line":77,"column":null}},"line":33},"1":{"name":"(anonymous_1)","decl":{"start":{"line":46,"column":18},"end":{"line":46,"column":23}},"loc":{"start":{"line":47,"column":10},"end":{"line":66,"column":null}},"line":47},"2":{"name":"(anonymous_2)","decl":{"start":{"line":52,"column":25},"end":{"line":52,"column":30}},"loc":{"start":{"line":53,"column":14},"end":{"line":64,"column":null}},"line":53},"3":{"name":"(anonymous_3)","decl":{"start":{"line":57,"column":16},"end":{"line":57,"column":28}},"loc":{"start":{"line":58,"column":18},"end":{"line":59,"column":null}},"line":58}},"branchMap":{"0":{"loc":{"start":{"line":59,"column":20},"end":{"line":59,"column":null}},"type":"cond-expr","locations":[{"start":{"line":59,"column":31},"end":{"line":59,"column":55}},{"start":{"line":59,"column":55},"end":{"line":59,"column":null}}],"line":59}},"s":{"0":1,"1":2,"2":8,"3":14,"4":14},"f":{"0":2,"1":8,"2":14,"3":14},"b":{"0":[2,12]},"meta":{"lastBranch":1,"lastFunction":4,"lastStatement":5,"seen":{"s:3:17:31:Infinity":0,"f:33:24:33:34":0,"s:34:2:75:Infinity":1,"f:46:18:46:23":1,"s:47:10:66:Infinity":2,"f:52:25:52:30":2,"s:53:14:64:Infinity":3,"f:57:16:57:28":3,"s:58:18:59:Infinity":4,"b:59:31:59:55:59:55:59:Infinity":0},"fnNames":{}}}
,"C:\\Users\\dainz\\code\\duoc\\FULLSTACK\\frontend\\src\\pages\\BranchesPage.tsx": {"path":"C:\\Users\\dainz\\code\\duoc\\FULLSTACK\\frontend\\src\\pages\\BranchesPage.tsx","statementMap":{"0":{"start":{"line":10,"column":40},"end":{"line":13,"column":null}},"1":{"start":{"line":16,"column":21},"end":{"line":16,"column":null}},"2":{"start":{"line":17,"column":20},"end":{"line":17,"column":null}},"3":{"start":{"line":18,"column":18},"end":{"line":18,"column":null}},"4":{"start":{"line":19,"column":17},"end":{"line":19,"column":null}},"5":{"start":{"line":20,"column":19},"end":{"line":20,"column":null}},"6":{"start":{"line":21,"column":22},"end":{"line":21,"column":null}},"7":{"start":{"line":22,"column":19},"end":{"line":22,"column":null}},"8":{"start":{"line":23,"column":25},"end":{"line":23,"column":null}},"9":{"start":{"line":25,"column":10},"end":{"line":31,"column":null}},"10":{"start":{"line":26,"column":8},"end":{"line":26,"column":null}},"11":{"start":{"line":26,"column":25},"end":{"line":26,"column":null}},"12":{"start":{"line":27,"column":8},"end":{"line":30,"column":null}},"13":{"start":{"line":29,"column":25},"end":{"line":29,"column":69}},"14":{"start":{"line":30,"column":27},"end":{"line":30,"column":44}},"15":{"start":{"line":33,"column":4},"end":{"line":36,"column":null}},"16":{"start":{"line":34,"column":22},"end":{"line":34,"column":null}},"17":{"start":{"line":34,"column":39},"end":{"line":34,"column":51}},"18":{"start":{"line":35,"column":8},"end":{"line":35,"column":null}},"19":{"start":{"line":35,"column":21},"end":{"line":35,"column":null}},"20":{"start":{"line":38,"column":10},"end":{"line":42,"column":null}},"21":{"start":{"line":39,"column":8},"end":{"line":39,"column":null}},"22":{"start":{"line":40,"column":8},"end":{"line":40,"column":null}},"23":{"start":{"line":41,"column":8},"end":{"line":41,"column":null}},"24":{"start":{"line":43,"column":10},"end":{"line":50,"column":null}},"25":{"start":{"line":44,"column":8},"end":{"line":47,"column":null}},"26":{"start":{"line":48,"column":8},"end":{"line":48,"column":null}},"27":{"start":{"line":49,"column":8},"end":{"line":49,"column":null}},"28":{"start":{"line":52,"column":23},"end":{"line":67,"column":null}},"29":{"start":{"line":53,"column":8},"end":{"line":53,"column":null}},"30":{"start":{"line":54,"column":8},"end":{"line":66,"column":null}},"31":{"start":{"line":55,"column":12},"end":{"line":59,"column":null}},"32":{"start":{"line":56,"column":16},"end":{"line":56,"column":null}},"33":{"start":{"line":58,"column":16},"end":{"line":58,"column":null}},"34":{"start":{"line":60,"column":12},"end":{"line":60,"column":null}},"35":{"start":{"line":61,"column":12},"end":{"line":61,"column":null}},"36":{"start":{"line":63,"column":12},"end":{"line":63,"column":null}},"37":{"start":{"line":65,"column":12},"end":{"line":65,"column":null}},"38":{"start":{"line":69,"column":25},"end":{"line":78,"column":null}},"39":{"start":{"line":70,"column":8},"end":{"line":70,"column":null}},"40":{"start":{"line":70,"column":27},"end":{"line":70,"column":null}},"41":{"start":{"line":71,"column":8},"end":{"line":77,"column":null}},"42":{"start":{"line":72,"column":12},"end":{"line":72,"column":null}},"43":{"start":{"line":73,"column":12},"end":{"line":73,"column":null}},"44":{"start":{"line":74,"column":12},"end":{"line":74,"column":null}},"45":{"start":{"line":76,"column":12},"end":{"line":76,"column":null}},"46":{"start":{"line":80,"column":4},"end":{"line":285,"column":null}},"47":{"start":{"line":102,"column":39},"end":{"line":102,"column":null}},"48":{"start":{"line":131,"column":40},"end":{"line":157,"column":null}},"49":{"start":{"line":144,"column":67},"end":{"line":144,"column":null}},"50":{"start":{"line":151,"column":56},"end":{"line":151,"column":null}},"51":{"start":{"line":182,"column":51},"end":{"line":182,"column":null}},"52":{"start":{"line":194,"column":44},"end":{"line":197,"column":null}},"53":{"start":{"line":210,"column":44},"end":{"line":213,"column":null}},"54":{"start":{"line":222,"column":51},"end":{"line":222,"column":null}},"55":{"start":{"line":260,"column":51},"end":{"line":260,"column":null}},"56":{"start":{"line":270,"column":51},"end":{"line":270,"column":null}}},"fnMap":{"0":{"name":"BranchesPage","decl":{"start":{"line":15,"column":24},"end":{"line":15,"column":39}},"loc":{"start":{"line":15,"column":39},"end":{"line":287,"column":null}},"line":15},"1":{"name":"(anonymous_1)","decl":{"start":{"line":25,"column":10},"end":{"line":25,"column":18}},"loc":{"start":{"line":25,"column":41},"end":{"line":31,"column":null}},"line":25},"2":{"name":"(anonymous_2)","decl":{"start":{"line":29,"column":13},"end":{"line":29,"column":25}},"loc":{"start":{"line":29,"column":25},"end":{"line":29,"column":69}},"line":29},"3":{"name":"(anonymous_3)","decl":{"start":{"line":30,"column":13},"end":{"line":30,"column":27}},"loc":{"start":{"line":30,"column":27},"end":{"line":30,"column":44}},"line":30},"4":{"name":"(anonymous_4)","decl":{"start":{"line":33,"column":4},"end":{"line":33,"column":20}},"loc":{"start":{"line":33,"column":20},"end":{"line":36,"column":7}},"line":33},"5":{"name":"(anonymous_5)","decl":{"start":{"line":34,"column":22},"end":{"line":34,"column":39}},"loc":{"start":{"line":34,"column":39},"end":{"line":34,"column":51}},"line":34},"6":{"name":"(anonymous_6)","decl":{"start":{"line":35,"column":8},"end":{"line":35,"column":21}},"loc":{"start":{"line":35,"column":21},"end":{"line":35,"column":null}},"line":35},"7":{"name":"(anonymous_7)","decl":{"start":{"line":38,"column":10},"end":{"line":38,"column":29}},"loc":{"start":{"line":38,"column":29},"end":{"line":42,"column":null}},"line":38},"8":{"name":"(anonymous_8)","decl":{"start":{"line":43,"column":10},"end":{"line":43,"column":22}},"loc":{"start":{"line":43,"column":36},"end":{"line":50,"column":null}},"line":43},"9":{"name":"(anonymous_9)","decl":{"start":{"line":52,"column":23},"end":{"line":52,"column":35}},"loc":{"start":{"line":52,"column":35},"end":{"line":67,"column":null}},"line":52},"10":{"name":"(anonymous_10)","decl":{"start":{"line":69,"column":25},"end":{"line":69,"column":37}},"loc":{"start":{"line":69,"column":37},"end":{"line":78,"column":null}},"line":69},"11":{"name":"(anonymous_11)","decl":{"start":{"line":102,"column":24},"end":{"line":102,"column":39}},"loc":{"start":{"line":102,"column":39},"end":{"line":102,"column":null}},"line":102},"12":{"name":"(anonymous_12)","decl":{"start":{"line":130,"column":46},"end":{"line":130,"column":51}},"loc":{"start":{"line":131,"column":40},"end":{"line":157,"column":null}},"line":131},"13":{"name":"(anonymous_13)","decl":{"start":{"line":144,"column":52},"end":{"line":144,"column":67}},"loc":{"start":{"line":144,"column":67},"end":{"line":144,"column":null}},"line":144},"14":{"name":"(anonymous_14)","decl":{"start":{"line":150,"column":52},"end":{"line":150,"column":null}},"loc":{"start":{"line":151,"column":56},"end":{"line":151,"column":null}},"line":151},"15":{"name":"(anonymous_15)","decl":{"start":{"line":182,"column":36},"end":{"line":182,"column":51}},"loc":{"start":{"line":182,"column":51},"end":{"line":182,"column":null}},"line":182},"16":{"name":"(anonymous_16)","decl":{"start":{"line":193,"column":40},"end":{"line":193,"column":51}},"loc":{"start":{"line":194,"column":44},"end":{"line":197,"column":null}},"line":194},"17":{"name":"(anonymous_17)","decl":{"start":{"line":209,"column":40},"end":{"line":209,"column":51}},"loc":{"start":{"line":210,"column":44},"end":{"line":213,"column":null}},"line":210},"18":{"name":"(anonymous_18)","decl":{"start":{"line":222,"column":36},"end":{"line":222,"column":51}},"loc":{"start":{"line":222,"column":51},"end":{"line":222,"column":null}},"line":222},"19":{"name":"(anonymous_19)","decl":{"start":{"line":260,"column":36},"end":{"line":260,"column":51}},"loc":{"start":{"line":260,"column":51},"end":{"line":260,"column":null}},"line":260},"20":{"name":"(anonymous_20)","decl":{"start":{"line":270,"column":36},"end":{"line":270,"column":51}},"loc":{"start":{"line":270,"column":51},"end":{"line":270,"column":null}},"line":270}},"branchMap":{"0":{"loc":{"start":{"line":25,"column":18},"end":{"line":25,"column":41}},"type":"default-arg","locations":[{"start":{"line":25,"column":32},"end":{"line":25,"column":41}}],"line":25},"1":{"loc":{"start":{"line":26,"column":8},"end":{"line":26,"column":null}},"type":"if","locations":[{"start":{"line":26,"column":8},"end":{"line":26,"column":null}},{"start":{},"end":{}}],"line":26},"2":{"loc":{"start":{"line":55,"column":12},"end":{"line":59,"column":null}},"type":"if","locations":[{"start":{"line":55,"column":12},"end":{"line":59,"column":null}},{"start":{"line":57,"column":19},"end":{"line":59,"column":null}}],"line":55},"3":{"loc":{"start":{"line":70,"column":8},"end":{"line":70,"column":null}},"type":"if","locations":[{"start":{"line":70,"column":8},"end":{"line":70,"column":null}},{"start":{},"end":{}}],"line":70},"4":{"loc":{"start":{"line":97,"column":13},"end":{"line":104,"column":null}},"type":"binary-expr","locations":[{"start":{"line":97,"column":13},"end":{"line":97,"column":null}},{"start":{"line":98,"column":16},"end":{"line":104,"column":null}}],"line":97},"5":{"loc":{"start":{"line":109,"column":21},"end":{"line":161,"column":null}},"type":"cond-expr","locations":[{"start":{"line":110,"column":24},"end":{"line":113,"column":33}},{"start":{"line":113,"column":24},"end":{"line":161,"column":null}}],"line":109},"6":{"loc":{"start":{"line":113,"column":24},"end":{"line":161,"column":null}},"type":"cond-expr","locations":[{"start":{"line":114,"column":24},"end":{"line":119,"column":25}},{"start":{"line":119,"column":24},"end":{"line":161,"column":null}}],"line":113},"7":{"loc":{"start":{"line":166,"column":13},"end":{"line":243,"column":null}},"type":"binary-expr","locations":[{"start":{"line":166,"column":13},"end":{"line":166,"column":null}},{"start":{"line":167,"column":16},"end":{"line":243,"column":null}}],"line":166},"8":{"loc":{"start":{"line":176,"column":37},"end":{"line":178,"column":null}},"type":"cond-expr","locations":[{"start":{"line":177,"column":42},"end":{"line":177,"column":null}},{"start":{"line":178,"column":42},"end":{"line":178,"column":null}}],"line":176},"9":{"loc":{"start":{"line":230,"column":40},"end":{"line":230,"column":null}},"type":"binary-expr","locations":[{"start":{"line":230,"column":40},"end":{"line":230,"column":50}},{"start":{"line":230,"column":50},"end":{"line":230,"column":64}},{"start":{"line":230,"column":64},"end":{"line":230,"column":null}}],"line":230},"10":{"loc":{"start":{"line":233,"column":37},"end":{"line":236,"column":48}},"type":"binary-expr","locations":[{"start":{"line":233,"column":37},"end":{"line":233,"column":null}},{"start":{"line":234,"column":40},"end":{"line":236,"column":48}}],"line":233},"11":{"loc":{"start":{"line":236,"column":37},"end":{"line":238,"column":null}},"type":"cond-expr","locations":[{"start":{"line":237,"column":42},"end":{"line":237,"column":null}},{"start":{"line":238,"column":42},"end":{"line":238,"column":null}}],"line":236},"12":{"loc":{"start":{"line":246,"column":13},"end":{"line":283,"column":null}},"type":"binary-expr","locations":[{"start":{"line":246,"column":13},"end":{"line":246,"column":null}},{"start":{"line":247,"column":16},"end":{"line":283,"column":null}}],"line":246}},"s":{"0":0,"1":0,"2":0,"3":0,"4":0,"5":0,"6":0,"7":0,"8":0,"9":0,"10":0,"11":0,"12":0,"13":0,"14":0,"15":0,"16":0,"17":0,"18":0,"19":0,"20":0,"21":0,"22":0,"23":0,"24":0,"25":0,"26":0,"27":0,"28":0,"29":0,"30":0,"31":0,"32":0,"33":0,"34":0,"35":0,"36":0,"37":0,"38":0,"39":0,"40":0,"41":0,"42":0,"43":0,"44":0,"45":0,"46":0,"47":0,"48":0,"49":0,"50":0,"51":0,"52":0,"53":0,"54":0,"55":0,"56":0},"f":{"0":0,"1":0,"2":0,"3":0,"4":0,"5":0,"6":0,"7":0,"8":0,"9":0,"10":0,"11":0,"12":0,"13":0,"14":0,"15":0,"16":0,"17":0,"18":0,"19":0,"20":0},"b":{"0":[0],"1":[0,0],"2":[0,0],"3":[0,0],"4":[0,0],"5":[0,0],"6":[0,0],"7":[0,0],"8":[0,0],"9":[0,0,0],"10":[0,0],"11":[0,0],"12":[0,0]},"meta":{"lastBranch":13,"lastFunction":21,"lastStatement":57,"seen":{"s:10:40:13:Infinity":0,"f:15:24:15:39":0,"s:16:21:16:Infinity":1,"s:17:20:17:Infinity":2,"s:18:18:18:Infinity":3,"s:19:17:19:Infinity":4,"s:20:19:20:Infinity":5,"s:21:22:21:Infinity":6,"s:22:19:22:Infinity":7,"s:23:25:23:Infinity":8,"s:25:10:31:Infinity":9,"f:25:10:25:18":1,"b:25:32:25:41":0,"b:26:8:26:Infinity:undefined:undefined:undefined:undefined":1,"s:26:8:26:Infinity":10,"s:26:25:26:Infinity":11,"s:27:8:30:Infinity":12,"f:29:13:29:25":2,"s:29:25:29:69":13,"f:30:13:30:27":3,"s:30:27:30:44":14,"s:33:4:36:Infinity":15,"f:33:4:33:20":4,"s:34:22:34:Infinity":16,"f:34:22:34:39":5,"s:34:39:34:51":17,"s:35:8:35:Infinity":18,"f:35:8:35:21":6,"s:35:21:35:Infinity":19,"s:38:10:42:Infinity":20,"f:38:10:38:29":7,"s:39:8:39:Infinity":21,"s:40:8:40:Infinity":22,"s:41:8:41:Infinity":23,"s:43:10:50:Infinity":24,"f:43:10:43:22":8,"s:44:8:47:Infinity":25,"s:48:8:48:Infinity":26,"s:49:8:49:Infinity":27,"s:52:23:67:Infinity":28,"f:52:23:52:35":9,"s:53:8:53:Infinity":29,"s:54:8:66:Infinity":30,"b:55:12:59:Infinity:57:19:59:Infinity":2,"s:55:12:59:Infinity":31,"s:56:16:56:Infinity":32,"s:58:16:58:Infinity":33,"s:60:12:60:Infinity":34,"s:61:12:61:Infinity":35,"s:63:12:63:Infinity":36,"s:65:12:65:Infinity":37,"s:69:25:78:Infinity":38,"f:69:25:69:37":10,"b:70:8:70:Infinity:undefined:undefined:undefined:undefined":3,"s:70:8:70:Infinity":39,"s:70:27:70:Infinity":40,"s:71:8:77:Infinity":41,"s:72:12:72:Infinity":42,"s:73:12:73:Infinity":43,"s:74:12:74:Infinity":44,"s:76:12:76:Infinity":45,"s:80:4:285:Infinity":46,"b:97:13:97:Infinity:98:16:104:Infinity":4,"f:102:24:102:39":11,"s:102:39:102:Infinity":47,"b:110:24:113:33:113:24:161:Infinity":5,"b:114:24:119:25:119:24:161:Infinity":6,"f:130:46:130:51":12,"s:131:40:157:Infinity":48,"f:144:52:144:67":13,"s:144:67:144:Infinity":49,"f:150:52:150:Infinity":14,"s:151:56:151:Infinity":50,"b:166:13:166:Infinity:167:16:243:Infinity":7,"b:177:42:177:Infinity:178:42:178:Infinity":8,"f:182:36:182:51":15,"s:182:51:182:Infinity":51,"f:193:40:193:51":16,"s:194:44:197:Infinity":52,"f:209:40:209:51":17,"s:210:44:213:Infinity":53,"f:222:36:222:51":18,"s:222:51:222:Infinity":54,"b:230:40:230:50:230:50:230:64:230:64:230:Infinity":9,"b:233:37:233:Infinity:234:40:236:48":10,"b:237:42:237:Infinity:238:42:238:Infinity":11,"b:246:13:246:Infinity:247:16:283:Infinity":12,"f:260:36:260:51":19,"s:260:51:260:Infinity":55,"f:270:36:270:51":20,"s:270:51:270:Infinity":56},"fnNames":{}}}
,"C:\\Users\\dainz\\code\\duoc\\FULLSTACK\\frontend\\src\\pages\\Home.tsx": {"path":"C:\\Users\\dainz\\code\\duoc\\FULLSTACK\\frontend\\src\\pages\\Home.tsx","statementMap":{"0":{"start":{"line":20,"column":26},"end":{"line":52,"column":null}},"1":{"start":{"line":54,"column":12},"end":{"line":54,"column":null}},"2":{"start":{"line":57,"column":19},"end":{"line":57,"column":null}},"3":{"start":{"line":58,"column":20},"end":{"line":58,"column":null}},"4":{"start":{"line":60,"column":4},"end":{"line":68,"column":null}},"5":{"start":{"line":61,"column":8},"end":{"line":67,"column":null}},"6":{"start":{"line":62,"column":27},"end":{"line":62,"column":37}},"7":{"start":{"line":64,"column":16},"end":{"line":64,"column":null}},"8":{"start":{"line":65,"column":16},"end":{"line":65,"column":null}},"9":{"start":{"line":67,"column":25},"end":{"line":67,"column":42}},"10":{"start":{"line":70,"column":4},"end":{"line":219,"column":null}},"11":{"start":{"line":88,"column":20},"end":{"line":110,"column":null}},"12":{"start":{"line":147,"column":36},"end":{"line":155,"column":null}},"13":{"start":{"line":186,"column":32},"end":{"line":213,"column":null}}},"fnMap":{"0":{"name":"Home","decl":{"start":{"line":56,"column":24},"end":{"line":56,"column":31}},"loc":{"start":{"line":56,"column":31},"end":{"line":221,"column":null}},"line":56},"1":{"name":"(anonymous_1)","decl":{"start":{"line":60,"column":4},"end":{"line":60,"column":20}},"loc":{"start":{"line":60,"column":20},"end":{"line":68,"column":7}},"line":60},"2":{"name":"(anonymous_2)","decl":{"start":{"line":62,"column":13},"end":{"line":62,"column":19}},"loc":{"start":{"line":62,"column":27},"end":{"line":62,"column":37}},"line":62},"3":{"name":"(anonymous_3)","decl":{"start":{"line":63,"column":13},"end":{"line":63,"column":19}},"loc":{"start":{"line":63,"column":44},"end":{"line":66,"column":13}},"line":63},"4":{"name":"(anonymous_4)","decl":{"start":{"line":67,"column":13},"end":{"line":67,"column":25}},"loc":{"start":{"line":67,"column":25},"end":{"line":67,"column":42}},"line":67},"5":{"name":"(anonymous_5)","decl":{"start":{"line":87,"column":23},"end":{"line":87,"column":28}},"loc":{"start":{"line":88,"column":20},"end":{"line":110,"column":null}},"line":88},"6":{"name":"(anonymous_6)","decl":{"start":{"line":146,"column":34},"end":{"line":146,"column":39}},"loc":{"start":{"line":147,"column":36},"end":{"line":155,"column":null}},"line":147},"7":{"name":"(anonymous_7)","decl":{"start":{"line":185,"column":30},"end":{"line":185,"column":35}},"loc":{"start":{"line":186,"column":32},"end":{"line":213,"column":null}},"line":186}},"branchMap":{"0":{"loc":{"start":{"line":97,"column":37},"end":{"line":102,"column":null}},"type":"cond-expr","locations":[{"start":{"line":98,"column":40},"end":{"line":100,"column":null}},{"start":{"line":100,"column":41},"end":{"line":102,"column":null}}],"line":97},"1":{"loc":{"start":{"line":100,"column":41},"end":{"line":102,"column":null}},"type":"binary-expr","locations":[{"start":{"line":100,"column":41},"end":{"line":101,"column":null}},{"start":{"line":102,"column":45},"end":{"line":102,"column":null}}],"line":100},"2":{"loc":{"start":{"line":189,"column":40},"end":{"line":191,"column":null}},"type":"cond-expr","locations":[{"start":{"line":190,"column":46},"end":{"line":190,"column":null}},{"start":{"line":191,"column":46},"end":{"line":191,"column":null}}],"line":189}},"s":{"0":1,"1":1,"2":4,"3":4,"4":4,"5":2,"6":1,"7":1,"8":1,"9":1,"10":4,"11":24,"12":16,"13":12},"f":{"0":4,"1":2,"2":1,"3":1,"4":1,"5":24,"6":16,"7":12},"b":{"0":[12,12],"1":[12,6],"2":[8,4]},"meta":{"lastBranch":3,"lastFunction":8,"lastStatement":14,"seen":{"s:20:26:52:Infinity":0,"s:54:12:54:Infinity":1,"f:56:24:56:31":0,"s:57:19:57:Infinity":2,"s:58:20:58:Infinity":3,"s:60:4:68:Infinity":4,"f:60:4:60:20":1,"s:61:8:67:Infinity":5,"f:62:13:62:19":2,"s:62:27:62:37":6,"f:63:13:63:19":3,"s:64:16:64:Infinity":7,"s:65:16:65:Infinity":8,"f:67:13:67:25":4,"s:67:25:67:42":9,"s:70:4:219:Infinity":10,"f:87:23:87:28":5,"s:88:20:110:Infinity":11,"b:98:40:100:Infinity:100:41:102:Infinity":0,"b:100:41:101:Infinity:102:45:102:Infinity":1,"f:146:34:146:39":6,"s:147:36:155:Infinity":12,"f:185:30:185:35":7,"s:186:32:213:Infinity":13,"b:190:46:190:Infinity:191:46:191:Infinity":2},"fnNames":{}}}
,"C:\\Users\\dainz\\code\\duoc\\FULLSTACK\\frontend\\src\\pages\\OrdersPage.tsx": {"path":"C:\\Users\\dainz\\code\\duoc\\FULLSTACK\\frontend\\src\\pages\\OrdersPage.tsx","statementMap":{"0":{"start":{"line":11,"column":51},"end":{"line":17,"column":null}},"1":{"start":{"line":18,"column":51},"end":{"line":24,"column":null}},"2":{"start":{"line":25,"column":36},"end":{"line":31,"column":null}},"3":{"start":{"line":38,"column":29},"end":{"line":42,"column":null}},"4":{"start":{"line":45,"column":19},"end":{"line":45,"column":null}},"5":{"start":{"line":46,"column":21},"end":{"line":46,"column":null}},"6":{"start":{"line":47,"column":26},"end":{"line":47,"column":null}},"7":{"start":{"line":48,"column":28},"end":{"line":48,"column":null}},"8":{"start":{"line":49,"column":18},"end":{"line":49,"column":null}},"9":{"start":{"line":50,"column":17},"end":{"line":50,"column":null}},"10":{"start":{"line":51,"column":19},"end":{"line":51,"column":null}},"11":{"start":{"line":52,"column":22},"end":{"line":52,"column":null}},"12":{"start":{"line":53,"column":19},"end":{"line":53,"column":null}},"13":{"start":{"line":54,"column":25},"end":{"line":54,"column":null}},"14":{"start":{"line":55,"column":25},"end":{"line":55,"column":null}},"15":{"start":{"line":56,"column":30},"end":{"line":56,"column":null}},"16":{"start":{"line":57,"column":16},"end":{"line":57,"column":null}},"17":{"start":{"line":60,"column":10},"end":{"line":66,"column":null}},"18":{"start":{"line":61,"column":8},"end":{"line":61,"column":null}},"19":{"start":{"line":62,"column":8},"end":{"line":65,"column":null}},"20":{"start":{"line":63,"column":28},"end":{"line":63,"column":70}},"21":{"start":{"line":64,"column":25},"end":{"line":64,"column":66}},"22":{"start":{"line":65,"column":27},"end":{"line":65,"column":50}},"23":{"start":{"line":68,"column":10},"end":{"line":74,"column":null}},"24":{"start":{"line":69,"column":8},"end":{"line":69,"column":null}},"25":{"start":{"line":70,"column":8},"end":{"line":73,"column":null}},"26":{"start":{"line":71,"column":28},"end":{"line":71,"column":72}},"27":{"start":{"line":72,"column":25},"end":{"line":72,"column":68}},"28":{"start":{"line":73,"column":27},"end":{"line":73,"column":52}},"29":{"start":{"line":76,"column":4},"end":{"line":82,"column":null}},"30":{"start":{"line":77,"column":22},"end":{"line":80,"column":null}},"31":{"start":{"line":78,"column":12},"end":{"line":78,"column":null}},"32":{"start":{"line":79,"column":12},"end":{"line":79,"column":null}},"33":{"start":{"line":81,"column":8},"end":{"line":81,"column":null}},"34":{"start":{"line":81,"column":21},"end":{"line":81,"column":null}},"35":{"start":{"line":84,"column":10},"end":{"line":90,"column":null}},"36":{"start":{"line":85,"column":8},"end":{"line":85,"column":null}},"37":{"start":{"line":86,"column":8},"end":{"line":86,"column":null}},"38":{"start":{"line":87,"column":8},"end":{"line":87,"column":null}},"39":{"start":{"line":88,"column":8},"end":{"line":88,"column":null}},"40":{"start":{"line":89,"column":8},"end":{"line":89,"column":null}},"41":{"start":{"line":91,"column":10},"end":{"line":101,"column":null}},"42":{"start":{"line":92,"column":8},"end":{"line":96,"column":null}},"43":{"start":{"line":97,"column":8},"end":{"line":97,"column":null}},"44":{"start":{"line":98,"column":8},"end":{"line":98,"column":null}},"45":{"start":{"line":99,"column":8},"end":{"line":99,"column":null}},"46":{"start":{"line":100,"column":8},"end":{"line":100,"column":null}},"47":{"start":{"line":103,"column":10},"end":{"line":123,"column":null}},"48":{"start":{"line":104,"column":20},"end":{"line":104,"column":null}},"49":{"start":{"line":105,"column":8},"end":{"line":105,"column":null}},"50":{"start":{"line":105,"column":30},"end":{"line":105,"column":null}},"51":{"start":{"line":106,"column":8},"end":{"line":120,"column":null}},"52":{"start":{"line":107,"column":27},"end":{"line":107,"column":null}},"53":{"start":{"line":107,"column":52},"end":{"line":107,"column":71}},"54":{"start":{"line":108,"column":12},"end":{"line":115,"column":null}},"55":{"start":{"line":109,"column":32},"end":{"line":113,"column":null}},"56":{"start":{"line":110,"column":20},"end":{"line":112,"column":null}},"57":{"start":{"line":114,"column":16},"end":{"line":114,"column":null}},"58":{"start":{"line":116,"column":12},"end":{"line":119,"column":null}},"59":{"start":{"line":121,"column":8},"end":{"line":121,"column":null}},"60":{"start":{"line":122,"column":8},"end":{"line":122,"column":null}},"61":{"start":{"line":125,"column":10},"end":{"line":129,"column":null}},"62":{"start":{"line":126,"column":8},"end":{"line":129,"column":null}},"63":{"start":{"line":126,"column":24},"end":{"line":129,"column":10}},"64":{"start":{"line":128,"column":46},"end":{"line":128,"column":55}},"65":{"start":{"line":131,"column":23},"end":{"line":152,"column":null}},"66":{"start":{"line":132,"column":8},"end":{"line":132,"column":null}},"67":{"start":{"line":133,"column":8},"end":{"line":151,"column":null}},"68":{"start":{"line":134,"column":12},"end":{"line":142,"column":null}},"69":{"start":{"line":135,"column":16},"end":{"line":135,"column":null}},"70":{"start":{"line":137,"column":16},"end":{"line":141,"column":null}},"71":{"start":{"line":143,"column":12},"end":{"line":143,"column":null}},"72":{"start":{"line":144,"column":12},"end":{"line":144,"column":null}},"73":{"start":{"line":147,"column":16},"end":{"line":147,"column":null}},"74":{"start":{"line":148,"column":12},"end":{"line":148,"column":null}},"75":{"start":{"line":150,"column":12},"end":{"line":150,"column":null}},"76":{"start":{"line":154,"column":25},"end":{"line":163,"column":null}},"77":{"start":{"line":155,"column":8},"end":{"line":155,"column":null}},"78":{"start":{"line":155,"column":27},"end":{"line":155,"column":null}},"79":{"start":{"line":156,"column":8},"end":{"line":162,"column":null}},"80":{"start":{"line":157,"column":12},"end":{"line":157,"column":null}},"81":{"start":{"line":158,"column":12},"end":{"line":158,"column":null}},"82":{"start":{"line":159,"column":12},"end":{"line":159,"column":null}},"83":{"start":{"line":161,"column":12},"end":{"line":161,"column":null}},"84":{"start":{"line":166,"column":8},"end":{"line":168,"column":null}},"85":{"start":{"line":168,"column":35},"end":{"line":168,"column":60}},"86":{"start":{"line":169,"column":10},"end":{"line":174,"column":null}},"87":{"start":{"line":170,"column":8},"end":{"line":174,"column":null}},"88":{"start":{"line":176,"column":10},"end":{"line":183,"column":null}},"89":{"start":{"line":177,"column":8},"end":{"line":183,"column":null}},"90":{"start":{"line":184,"column":10},"end":{"line":187,"column":null}},"91":{"start":{"line":185,"column":18},"end":{"line":185,"column":null}},"92":{"start":{"line":185,"column":39},"end":{"line":185,"column":50}},"93":{"start":{"line":186,"column":8},"end":{"line":186,"column":null}},"94":{"start":{"line":189,"column":4},"end":{"line":605,"column":null}},"95":{"start":{"line":207,"column":39},"end":{"line":207,"column":null}},"96":{"start":{"line":214,"column":20},"end":{"line":232,"column":null}},"97":{"start":{"line":219,"column":32},"end":{"line":219,"column":null}},"98":{"start":{"line":223,"column":54},"end":{"line":223,"column":68}},"99":{"start":{"line":239,"column":35},"end":{"line":239,"column":null}},"100":{"start":{"line":244,"column":20},"end":{"line":252,"column":null}},"101":{"start":{"line":248,"column":28},"end":{"line":248,"column":null}},"102":{"start":{"line":282,"column":40},"end":{"line":313,"column":null}},"103":{"start":{"line":299,"column":67},"end":{"line":299,"column":null}},"104":{"start":{"line":307,"column":56},"end":{"line":307,"column":null}},"105":{"start":{"line":339,"column":51},"end":{"line":339,"column":null}},"106":{"start":{"line":353,"column":48},"end":{"line":357,"column":null}},"107":{"start":{"line":380,"column":44},"end":{"line":384,"column":null}},"108":{"start":{"line":388,"column":44},"end":{"line":390,"column":null}},"109":{"start":{"line":426,"column":60},"end":{"line":449,"column":null}},"110":{"start":{"line":441,"column":76},"end":{"line":443,"column":null}},"111":{"start":{"line":469,"column":56},"end":{"line":471,"column":null}},"112":{"start":{"line":484,"column":56},"end":{"line":490,"column":null}},"113":{"start":{"line":505,"column":56},"end":{"line":513,"column":null}},"114":{"start":{"line":537,"column":51},"end":{"line":537,"column":null}},"115":{"start":{"line":579,"column":51},"end":{"line":579,"column":null}},"116":{"start":{"line":590,"column":51},"end":{"line":590,"column":null}}},"fnMap":{"0":{"name":"OrdersPage","decl":{"start":{"line":44,"column":24},"end":{"line":44,"column":37}},"loc":{"start":{"line":44,"column":37},"end":{"line":607,"column":null}},"line":44},"1":{"name":"(anonymous_1)","decl":{"start":{"line":60,"column":10},"end":{"line":60,"column":29}},"loc":{"start":{"line":60,"column":29},"end":{"line":66,"column":null}},"line":60},"2":{"name":"(anonymous_2)","decl":{"start":{"line":63,"column":13},"end":{"line":63,"column":19}},"loc":{"start":{"line":63,"column":28},"end":{"line":63,"column":70}},"line":63},"3":{"name":"(anonymous_3)","decl":{"start":{"line":64,"column":13},"end":{"line":64,"column":25}},"loc":{"start":{"line":64,"column":25},"end":{"line":64,"column":66}},"line":64},"4":{"name":"(anonymous_4)","decl":{"start":{"line":65,"column":13},"end":{"line":65,"column":27}},"loc":{"start":{"line":65,"column":27},"end":{"line":65,"column":50}},"line":65},"5":{"name":"(anonymous_5)","decl":{"start":{"line":68,"column":10},"end":{"line":68,"column":31}},"loc":{"start":{"line":68,"column":31},"end":{"line":74,"column":null}},"line":68},"6":{"name":"(anonymous_6)","decl":{"start":{"line":71,"column":13},"end":{"line":71,"column":19}},"loc":{"start":{"line":71,"column":28},"end":{"line":71,"column":72}},"line":71},"7":{"name":"(anonymous_7)","decl":{"start":{"line":72,"column":13},"end":{"line":72,"column":25}},"loc":{"start":{"line":72,"column":25},"end":{"line":72,"column":68}},"line":72},"8":{"name":"(anonymous_8)","decl":{"start":{"line":73,"column":13},"end":{"line":73,"column":27}},"loc":{"start":{"line":73,"column":27},"end":{"line":73,"column":52}},"line":73},"9":{"name":"(anonymous_9)","decl":{"start":{"line":76,"column":4},"end":{"line":76,"column":20}},"loc":{"start":{"line":76,"column":20},"end":{"line":82,"column":7}},"line":76},"10":{"name":"(anonymous_10)","decl":{"start":{"line":77,"column":22},"end":{"line":77,"column":39}},"loc":{"start":{"line":77,"column":39},"end":{"line":80,"column":11}},"line":77},"11":{"name":"(anonymous_11)","decl":{"start":{"line":81,"column":8},"end":{"line":81,"column":21}},"loc":{"start":{"line":81,"column":21},"end":{"line":81,"column":null}},"line":81},"12":{"name":"(anonymous_12)","decl":{"start":{"line":84,"column":10},"end":{"line":84,"column":29}},"loc":{"start":{"line":84,"column":29},"end":{"line":90,"column":null}},"line":84},"13":{"name":"(anonymous_13)","decl":{"start":{"line":91,"column":10},"end":{"line":91,"column":22}},"loc":{"start":{"line":91,"column":35},"end":{"line":101,"column":null}},"line":91},"14":{"name":"(anonymous_14)","decl":{"start":{"line":103,"column":10},"end":{"line":103,"column":26}},"loc":{"start":{"line":103,"column":26},"end":{"line":123,"column":null}},"line":103},"15":{"name":"(anonymous_15)","decl":{"start":{"line":106,"column":8},"end":{"line":106,"column":17}},"loc":{"start":{"line":106,"column":23},"end":{"line":120,"column":9}},"line":106},"16":{"name":"(anonymous_16)","decl":{"start":{"line":107,"column":35},"end":{"line":107,"column":46}},"loc":{"start":{"line":107,"column":52},"end":{"line":107,"column":71}},"line":107},"17":{"name":"(anonymous_17)","decl":{"start":{"line":109,"column":40},"end":{"line":109,"column":45}},"loc":{"start":{"line":110,"column":20},"end":{"line":112,"column":null}},"line":110},"18":{"name":"(anonymous_18)","decl":{"start":{"line":125,"column":10},"end":{"line":125,"column":24}},"loc":{"start":{"line":126,"column":8},"end":{"line":129,"column":null}},"line":126},"19":{"name":"(anonymous_19)","decl":{"start":{"line":126,"column":8},"end":{"line":126,"column":17}},"loc":{"start":{"line":126,"column":24},"end":{"line":129,"column":10}},"line":126},"20":{"name":"(anonymous_20)","decl":{"start":{"line":128,"column":27},"end":{"line":128,"column":35}},"loc":{"start":{"line":128,"column":46},"end":{"line":128,"column":55}},"line":128},"21":{"name":"(anonymous_21)","decl":{"start":{"line":131,"column":23},"end":{"line":131,"column":35}},"loc":{"start":{"line":131,"column":35},"end":{"line":152,"column":null}},"line":131},"22":{"name":"(anonymous_22)","decl":{"start":{"line":154,"column":25},"end":{"line":154,"column":37}},"loc":{"start":{"line":154,"column":37},"end":{"line":163,"column":null}},"line":154},"23":{"name":"(anonymous_23)","decl":{"start":{"line":168,"column":21},"end":{"line":168,"column":29}},"loc":{"start":{"line":168,"column":35},"end":{"line":168,"column":60}},"line":168},"24":{"name":"(anonymous_24)","decl":{"start":{"line":169,"column":10},"end":{"line":169,"column":25}},"loc":{"start":{"line":170,"column":8},"end":{"line":174,"column":null}},"line":170},"25":{"name":"(anonymous_25)","decl":{"start":{"line":176,"column":10},"end":{"line":176,"column":24}},"loc":{"start":{"line":177,"column":8},"end":{"line":183,"column":null}},"line":177},"26":{"name":"(anonymous_26)","decl":{"start":{"line":184,"column":10},"end":{"line":184,"column":29}},"loc":{"start":{"line":184,"column":44},"end":{"line":187,"column":null}},"line":184},"27":{"name":"(anonymous_27)","decl":{"start":{"line":185,"column":27},"end":{"line":185,"column":33}},"loc":{"start":{"line":185,"column":39},"end":{"line":185,"column":50}},"line":185},"28":{"name":"(anonymous_28)","decl":{"start":{"line":207,"column":24},"end":{"line":207,"column":39}},"loc":{"start":{"line":207,"column":39},"end":{"line":207,"column":null}},"line":207},"29":{"name":"(anonymous_29)","decl":{"start":{"line":213,"column":30},"end":{"line":213,"column":35}},"loc":{"start":{"line":214,"column":20},"end":{"line":232,"column":null}},"line":214},"30":{"name":"(anonymous_30)","decl":{"start":{"line":218,"column":28},"end":{"line":218,"column":null}},"loc":{"start":{"line":219,"column":32},"end":{"line":219,"column":null}},"line":219},"31":{"name":"(anonymous_31)","decl":{"start":{"line":223,"column":40},"end":{"line":223,"column":48}},"loc":{"start":{"line":223,"column":54},"end":{"line":223,"column":68}},"line":223},"32":{"name":"(anonymous_32)","decl":{"start":{"line":239,"column":20},"end":{"line":239,"column":35}},"loc":{"start":{"line":239,"column":35},"end":{"line":239,"column":null}},"line":239},"33":{"name":"(anonymous_33)","decl":{"start":{"line":243,"column":30},"end":{"line":243,"column":35}},"loc":{"start":{"line":244,"column":20},"end":{"line":252,"column":null}},"line":244},"34":{"name":"(anonymous_34)","decl":{"start":{"line":247,"column":24},"end":{"line":247,"column":null}},"loc":{"start":{"line":248,"column":28},"end":{"line":248,"column":null}},"line":248},"35":{"name":"(anonymous_35)","decl":{"start":{"line":281,"column":46},"end":{"line":281,"column":51}},"loc":{"start":{"line":282,"column":40},"end":{"line":313,"column":null}},"line":282},"36":{"name":"(anonymous_36)","decl":{"start":{"line":299,"column":52},"end":{"line":299,"column":67}},"loc":{"start":{"line":299,"column":67},"end":{"line":299,"column":null}},"line":299},"37":{"name":"(anonymous_37)","decl":{"start":{"line":306,"column":52},"end":{"line":306,"column":null}},"loc":{"start":{"line":307,"column":56},"end":{"line":307,"column":null}},"line":307},"38":{"name":"(anonymous_38)","decl":{"start":{"line":339,"column":36},"end":{"line":339,"column":51}},"loc":{"start":{"line":339,"column":51},"end":{"line":339,"column":null}},"line":339},"39":{"name":"(anonymous_39)","decl":{"start":{"line":352,"column":44},"end":{"line":352,"column":55}},"loc":{"start":{"line":353,"column":48},"end":{"line":357,"column":null}},"line":353},"40":{"name":"(anonymous_40)","decl":{"start":{"line":379,"column":40},"end":{"line":379,"column":51}},"loc":{"start":{"line":380,"column":44},"end":{"line":384,"column":null}},"line":380},"41":{"name":"(anonymous_41)","decl":{"start":{"line":387,"column":54},"end":{"line":387,"column":59}},"loc":{"start":{"line":388,"column":44},"end":{"line":390,"column":null}},"line":388},"42":{"name":"(anonymous_42)","decl":{"start":{"line":424,"column":64},"end":{"line":424,"column":null}},"loc":{"start":{"line":426,"column":60},"end":{"line":449,"column":null}},"line":426},"43":{"name":"(anonymous_43)","decl":{"start":{"line":440,"column":72},"end":{"line":440,"column":null}},"loc":{"start":{"line":441,"column":76},"end":{"line":443,"column":null}},"line":441},"44":{"name":"(anonymous_44)","decl":{"start":{"line":468,"column":52},"end":{"line":468,"column":63}},"loc":{"start":{"line":469,"column":56},"end":{"line":471,"column":null}},"line":469},"45":{"name":"(anonymous_45)","decl":{"start":{"line":483,"column":62},"end":{"line":483,"column":67}},"loc":{"start":{"line":484,"column":56},"end":{"line":490,"column":null}},"line":484},"46":{"name":"(anonymous_46)","decl":{"start":{"line":504,"column":52},"end":{"line":504,"column":63}},"loc":{"start":{"line":505,"column":56},"end":{"line":513,"column":null}},"line":505},"47":{"name":"(anonymous_47)","decl":{"start":{"line":537,"column":36},"end":{"line":537,"column":51}},"loc":{"start":{"line":537,"column":51},"end":{"line":537,"column":null}},"line":537},"48":{"name":"(anonymous_48)","decl":{"start":{"line":579,"column":36},"end":{"line":579,"column":51}},"loc":{"start":{"line":579,"column":51},"end":{"line":579,"column":null}},"line":579},"49":{"name":"(anonymous_49)","decl":{"start":{"line":590,"column":36},"end":{"line":590,"column":51}},"loc":{"start":{"line":590,"column":51},"end":{"line":590,"column":null}},"line":590}},"branchMap":{"0":{"loc":{"start":{"line":63,"column":38},"end":{"line":63,"column":69}},"type":"cond-expr","locations":[{"start":{"line":63,"column":60},"end":{"line":63,"column":67}},{"start":{"line":63,"column":67},"end":{"line":63,"column":69}}],"line":63},"1":{"loc":{"start":{"line":71,"column":40},"end":{"line":71,"column":71}},"type":"cond-expr","locations":[{"start":{"line":71,"column":62},"end":{"line":71,"column":69}},{"start":{"line":71,"column":69},"end":{"line":71,"column":71}}],"line":71},"2":{"loc":{"start":{"line":93,"column":26},"end":{"line":93,"column":null}},"type":"binary-expr","locations":[{"start":{"line":93,"column":26},"end":{"line":93,"column":44}},{"start":{"line":93,"column":44},"end":{"line":93,"column":null}}],"line":93},"3":{"loc":{"start":{"line":95,"column":19},"end":{"line":95,"column":null}},"type":"binary-expr","locations":[{"start":{"line":95,"column":19},"end":{"line":95,"column":30}},{"start":{"line":95,"column":30},"end":{"line":95,"column":null}}],"line":95},"4":{"loc":{"start":{"line":105,"column":8},"end":{"line":105,"column":null}},"type":"if","locations":[{"start":{"line":105,"column":8},"end":{"line":105,"column":null}},{"start":{},"end":{}}],"line":105},"5":{"loc":{"start":{"line":105,"column":12},"end":{"line":105,"column":30}},"type":"binary-expr","locations":[{"start":{"line":105,"column":12},"end":{"line":105,"column":20}},{"start":{"line":105,"column":20},"end":{"line":105,"column":30}}],"line":105},"6":{"loc":{"start":{"line":108,"column":12},"end":{"line":115,"column":null}},"type":"if","locations":[{"start":{"line":108,"column":12},"end":{"line":115,"column":null}},{"start":{},"end":{}}],"line":108},"7":{"loc":{"start":{"line":110,"column":20},"end":{"line":112,"column":null}},"type":"cond-expr","locations":[{"start":{"line":111,"column":26},"end":{"line":111,"column":null}},{"start":{"line":112,"column":26},"end":{"line":112,"column":null}}],"line":110},"8":{"loc":{"start":{"line":134,"column":12},"end":{"line":142,"column":null}},"type":"if","locations":[{"start":{"line":134,"column":12},"end":{"line":142,"column":null}},{"start":{"line":136,"column":19},"end":{"line":142,"column":null}}],"line":134},"9":{"loc":{"start":{"line":147,"column":16},"end":{"line":147,"column":null}},"type":"cond-expr","locations":[{"start":{"line":147,"column":37},"end":{"line":147,"column":49}},{"start":{"line":147,"column":49},"end":{"line":147,"column":null}}],"line":147},"10":{"loc":{"start":{"line":155,"column":8},"end":{"line":155,"column":null}},"type":"if","locations":[{"start":{"line":155,"column":8},"end":{"line":155,"column":null}},{"start":{},"end":{}}],"line":155},"11":{"loc":{"start":{"line":166,"column":8},"end":{"line":168,"column":null}},"type":"cond-expr","locations":[{"start":{"line":167,"column":14},"end":{"line":167,"column":null}},{"start":{"line":168,"column":14},"end":{"line":168,"column":null}}],"line":166},"12":{"loc":{"start":{"line":177,"column":8},"end":{"line":183,"column":null}},"type":"cond-expr","locations":[{"start":{"line":178,"column":14},"end":{"line":182,"column":null}},{"start":{"line":183,"column":14},"end":{"line":183,"column":null}}],"line":177},"13":{"loc":{"start":{"line":186,"column":15},"end":{"line":186,"column":null}},"type":"cond-expr","locations":[{"start":{"line":186,"column":19},"end":{"line":186,"column":44}},{"start":{"line":186,"column":44},"end":{"line":186,"column":null}}],"line":186},"14":{"loc":{"start":{"line":202,"column":13},"end":{"line":209,"column":null}},"type":"binary-expr","locations":[{"start":{"line":202,"column":13},"end":{"line":202,"column":null}},{"start":{"line":203,"column":16},"end":{"line":209,"column":null}}],"line":202},"15":{"loc":{"start":{"line":216,"column":83},"end":{"line":216,"column":null}},"type":"cond-expr","locations":[{"start":{"line":216,"column":104},"end":{"line":216,"column":142}},{"start":{"line":216,"column":142},"end":{"line":216,"column":null}}],"line":216},"16":{"loc":{"start":{"line":219,"column":48},"end":{"line":219,"column":78}},"type":"cond-expr","locations":[{"start":{"line":219,"column":69},"end":{"line":219,"column":77}},{"start":{"line":219,"column":77},"end":{"line":219,"column":78}}],"line":219},"17":{"loc":{"start":{"line":238,"column":45},"end":{"line":238,"column":null}},"type":"cond-expr","locations":[{"start":{"line":238,"column":70},"end":{"line":238,"column":86}},{"start":{"line":238,"column":86},"end":{"line":238,"column":null}}],"line":238},"18":{"loc":{"start":{"line":246,"column":49},"end":{"line":246,"column":null}},"type":"cond-expr","locations":[{"start":{"line":246,"column":70},"end":{"line":246,"column":98}},{"start":{"line":246,"column":98},"end":{"line":246,"column":null}}],"line":246},"19":{"loc":{"start":{"line":248,"column":44},"end":{"line":248,"column":74}},"type":"cond-expr","locations":[{"start":{"line":248,"column":65},"end":{"line":248,"column":73}},{"start":{"line":248,"column":73},"end":{"line":248,"column":74}}],"line":248},"20":{"loc":{"start":{"line":258,"column":21},"end":{"line":317,"column":null}},"type":"cond-expr","locations":[{"start":{"line":259,"column":24},"end":{"line":262,"column":33}},{"start":{"line":262,"column":24},"end":{"line":317,"column":null}}],"line":258},"21":{"loc":{"start":{"line":262,"column":24},"end":{"line":317,"column":null}},"type":"cond-expr","locations":[{"start":{"line":263,"column":24},"end":{"line":268,"column":25}},{"start":{"line":268,"column":24},"end":{"line":317,"column":null}}],"line":262},"22":{"loc":{"start":{"line":287,"column":49},"end":{"line":287,"column":null}},"type":"binary-expr","locations":[{"start":{"line":287,"column":49},"end":{"line":287,"column":67}},{"start":{"line":287,"column":67},"end":{"line":287,"column":null}}],"line":287},"23":{"loc":{"start":{"line":291,"column":49},"end":{"line":291,"column":70}},"type":"binary-expr","locations":[{"start":{"line":291,"column":49},"end":{"line":291,"column":68}},{"start":{"line":291,"column":68},"end":{"line":291,"column":70}}],"line":291},"24":{"loc":{"start":{"line":323,"column":13},"end":{"line":561,"column":null}},"type":"binary-expr","locations":[{"start":{"line":323,"column":13},"end":{"line":323,"column":null}},{"start":{"line":324,"column":16},"end":{"line":561,"column":null}}],"line":323},"25":{"loc":{"start":{"line":333,"column":37},"end":{"line":335,"column":null}},"type":"cond-expr","locations":[{"start":{"line":334,"column":42},"end":{"line":334,"column":null}},{"start":{"line":335,"column":42},"end":{"line":335,"column":null}}],"line":333},"26":{"loc":{"start":{"line":344,"column":33},"end":{"line":361,"column":null}},"type":"binary-expr","locations":[{"start":{"line":344,"column":33},"end":{"line":344,"column":null}},{"start":{"line":345,"column":36},"end":{"line":361,"column":null}}],"line":344},"27":{"loc":{"start":{"line":363,"column":33},"end":{"line":368,"column":null}},"type":"binary-expr","locations":[{"start":{"line":363,"column":33},"end":{"line":363,"column":null}},{"start":{"line":364,"column":36},"end":{"line":368,"column":null}}],"line":363},"28":{"loc":{"start":{"line":396,"column":33},"end":{"line":531,"column":null}},"type":"binary-expr","locations":[{"start":{"line":396,"column":33},"end":{"line":396,"column":null}},{"start":{"line":397,"column":36},"end":{"line":531,"column":null}}],"line":396},"29":{"loc":{"start":{"line":404,"column":41},"end":{"line":453,"column":null}},"type":"binary-expr","locations":[{"start":{"line":404,"column":41},"end":{"line":404,"column":null}},{"start":{"line":405,"column":44},"end":{"line":453,"column":null}}],"line":404},"30":{"loc":{"start":{"line":461,"column":53},"end":{"line":464,"column":null}},"type":"binary-expr","locations":[{"start":{"line":461,"column":53},"end":{"line":461,"column":null}},{"start":{"line":462,"column":56},"end":{"line":464,"column":null}}],"line":461},"31":{"loc":{"start":{"line":476,"column":57},"end":{"line":481,"column":null}},"type":"cond-expr","locations":[{"start":{"line":477,"column":62},"end":{"line":477,"column":null}},{"start":{"line":478,"column":62},"end":{"line":481,"column":null}}],"line":476},"32":{"loc":{"start":{"line":478,"column":62},"end":{"line":481,"column":null}},"type":"cond-expr","locations":[{"start":{"line":480,"column":64},"end":{"line":480,"column":null}},{"start":{"line":481,"column":64},"end":{"line":481,"column":null}}],"line":478},"33":{"loc":{"start":{"line":522,"column":56},"end":{"line":523,"column":null}},"type":"binary-expr","locations":[{"start":{"line":522,"column":56},"end":{"line":522,"column":null}},{"start":{"line":523,"column":56},"end":{"line":523,"column":null}}],"line":522},"34":{"loc":{"start":{"line":545,"column":40},"end":{"line":548,"column":null}},"type":"binary-expr","locations":[{"start":{"line":545,"column":40},"end":{"line":545,"column":null}},{"start":{"line":546,"column":41},"end":{"line":546,"column":null}},{"start":{"line":547,"column":45},"end":{"line":547,"column":null}},{"start":{"line":548,"column":48},"end":{"line":548,"column":null}}],"line":545},"35":{"loc":{"start":{"line":551,"column":37},"end":{"line":554,"column":48}},"type":"binary-expr","locations":[{"start":{"line":551,"column":37},"end":{"line":551,"column":null}},{"start":{"line":552,"column":40},"end":{"line":554,"column":48}}],"line":551},"36":{"loc":{"start":{"line":554,"column":37},"end":{"line":556,"column":null}},"type":"cond-expr","locations":[{"start":{"line":555,"column":42},"end":{"line":555,"column":null}},{"start":{"line":556,"column":42},"end":{"line":556,"column":null}}],"line":554},"37":{"loc":{"start":{"line":565,"column":13},"end":{"line":603,"column":null}},"type":"binary-expr","locations":[{"start":{"line":565,"column":13},"end":{"line":565,"column":null}},{"start":{"line":566,"column":16},"end":{"line":603,"column":null}}],"line":565}},"s":{"0":0,"1":0,"2":0,"3":0,"4":0,"5":0,"6":0,"7":0,"8":0,"9":0,"10":0,"11":0,"12":0,"13":0,"14":0,"15":0,"16":0,"17":0,"18":0,"19":0,"20":0,"21":0,"22":0,"23":0,"24":0,"25":0,"26":0,"27":0,"28":0,"29":0,"30":0,"31":0,"32":0,"33":0,"34":0,"35":0,"36":0,"37":0,"38":0,"39":0,"40":0,"41":0,"42":0,"43":0,"44":0,"45":0,"46":0,"47":0,"48":0,"49":0,"50":0,"51":0,"52":0,"53":0,"54":0,"55":0,"56":0,"57":0,"58":0,"59":0,"60":0,"61":0,"62":0,"63":0,"64":0,"65":0,"66":0,"67":0,"68":0,"69":0,"70":0,"71":0,"72":0,"73":0,"74":0,"75":0,"76":0,"77":0,"78":0,"79":0,"80":0,"81":0,"82":0,"83":0,"84":0,"85":0,"86":0,"87":0,"88":0,"89":0,"90":0,"91":0,"92":0,"93":0,"94":0,"95":0,"96":0,"97":0,"98":0,"99":0,"100":0,"101":0,"102":0,"103":0,"104":0,"105":0,"106":0,"107":0,"108":0,"109":0,"110":0,"111":0,"112":0,"113":0,"114":0,"115":0,"116":0},"f":{"0":0,"1":0,"2":0,"3":0,"4":0,"5":0,"6":0,"7":0,"8":0,"9":0,"10":0,"11":0,"12":0,"13":0,"14":0,"15":0,"16":0,"17":0,"18":0,"19":0,"20":0,"21":0,"22":0,"23":0,"24":0,"25":0,"26":0,"27":0,"28":0,"29":0,"30":0,"31":0,"32":0,"33":0,"34":0,"35":0,"36":0,"37":0,"38":0,"39":0,"40":0,"41":0,"42":0,"43":0,"44":0,"45":0,"46":0,"47":0,"48":0,"49":0},"b":{"0":[0,0],"1":[0,0],"2":[0,0],"3":[0,0],"4":[0,0],"5":[0,0],"6":[0,0],"7":[0,0],"8":[0,0],"9":[0,0],"10":[0,0],"11":[0,0],"12":[0,0],"13":[0,0],"14":[0,0],"15":[0,0],"16":[0,0],"17":[0,0],"18":[0,0],"19":[0,0],"20":[0,0],"21":[0,0],"22":[0,0],"23":[0,0],"24":[0,0],"25":[0,0],"26":[0,0],"27":[0,0],"28":[0,0],"29":[0,0],"30":[0,0],"31":[0,0],"32":[0,0],"33":[0,0],"34":[0,0,0,0],"35":[0,0],"36":[0,0],"37":[0,0]},"meta":{"lastBranch":38,"lastFunctio
[...]
,"C:\\Users\\dainz\\code\\duoc\\FULLSTACK\\frontend\\src\\pages\\WarehousesPage.tsx": {"path":"C:\\Users\\dainz\\code\\duoc\\FULLSTACK\\frontend\\src\\pages\\WarehousesPage.tsx","statementMap":{"0":{"start":{"line":11,"column":30},"end":{"line":11,"column":null}},"1":{"start":{"line":14,"column":23},"end":{"line":14,"column":null}},"2":{"start":{"line":15,"column":21},"end":{"line":15,"column":null}},"3":{"start":{"line":16,"column":20},"end":{"line":16,"column":null}},"4":{"start":{"line":17,"column":18},"end":{"line":17,"column":null}},"5":{"start":{"line":18,"column":17},"end":{"line":18,"column":null}},"6":{"start":{"line":19,"column":19},"end":{"line":19,"column":null}},"7":{"start":{"line":20,"column":22},"end":{"line":20,"column":null}},"8":{"start":{"line":21,"column":19},"end":{"line":21,"column":null}},"9":{"start":{"line":22,"column":25},"end":{"line":22,"column":null}},"10":{"start":{"line":24,"column":10},"end":{"line":33,"column":null}},"11":{"start":{"line":25,"column":8},"end":{"line":25,"column":null}},"12":{"start":{"line":26,"column":8},"end":{"line":32,"column":null}},"13":{"start":{"line":28,"column":16},"end":{"line":28,"column":null}},"14":{"start":{"line":29,"column":16},"end":{"line":29,"column":null}},"15":{"start":{"line":31,"column":25},"end":{"line":31,"column":64}},"16":{"start":{"line":32,"column":27},"end":{"line":32,"column":44}},"17":{"start":{"line":34,"column":4},"end":{"line":37,"column":null}},"18":{"start":{"line":35,"column":22},"end":{"line":35,"column":null}},"19":{"start":{"line":35,"column":39},"end":{"line":35,"column":47}},"20":{"start":{"line":36,"column":8},"end":{"line":36,"column":null}},"21":{"start":{"line":36,"column":21},"end":{"line":36,"column":null}},"22":{"start":{"line":39,"column":10},"end":{"line":47,"column":null}},"23":{"start":{"line":40,"column":32},"end":{"line":40,"column":null}},"24":{"start":{"line":41,"column":8},"end":{"line":44,"column":null}},"25":{"start":{"line":45,"column":8},"end":{"line":45,"column":null}},"26":{"start":{"line":46,"column":8},"end":{"line":46,"column":null}},"27":{"start":{"line":48,"column":10},"end":{"line":55,"column":null}},"28":{"start":{"line":49,"column":8},"end":{"line":52,"column":null}},"29":{"start":{"line":53,"column":8},"end":{"line":53,"column":null}},"30":{"start":{"line":54,"column":8},"end":{"line":54,"column":null}},"31":{"start":{"line":57,"column":23},"end":{"line":78,"column":null}},"32":{"start":{"line":58,"column":8},"end":{"line":58,"column":null}},"33":{"start":{"line":59,"column":8},"end":{"line":77,"column":null}},"34":{"start":{"line":60,"column":44},"end":{"line":65,"column":null}},"35":{"start":{"line":66,"column":12},"end":{"line":70,"column":null}},"36":{"start":{"line":67,"column":16},"end":{"line":67,"column":null}},"37":{"start":{"line":69,"column":16},"end":{"line":69,"column":null}},"38":{"start":{"line":71,"column":12},"end":{"line":71,"column":null}},"39":{"start":{"line":72,"column":12},"end":{"line":72,"column":null}},"40":{"start":{"line":74,"column":12},"end":{"line":74,"column":null}},"41":{"start":{"line":76,"column":12},"end":{"line":76,"column":null}},"42":{"start":{"line":79,"column":25},"end":{"line":88,"column":null}},"43":{"start":{"line":80,"column":8},"end":{"line":80,"column":null}},"44":{"start":{"line":80,"column":27},"end":{"line":80,"column":null}},"45":{"start":{"line":81,"column":8},"end":{"line":87,"column":null}},"46":{"start":{"line":82,"column":12},"end":{"line":82,"column":null}},"47":{"start":{"line":83,"column":12},"end":{"line":83,"column":null}},"48":{"start":{"line":84,"column":12},"end":{"line":84,"column":null}},"49":{"start":{"line":86,"column":12},"end":{"line":86,"column":null}},"50":{"start":{"line":90,"column":4},"end":{"line":323,"column":null}},"51":{"start":{"line":108,"column":39},"end":{"line":108,"column":null}},"52":{"start":{"line":136,"column":40},"end":{"line":172,"column":null}},"53":{"start":{"line":159,"column":67},"end":{"line":159,"column":null}},"54":{"start":{"line":166,"column":56},"end":{"line":166,"column":null}},"55":{"start":{"line":196,"column":51},"end":{"line":196,"column":null}},"56":{"start":{"line":208,"column":44},"end":{"line":211,"column":null}},"57":{"start":{"line":224,"column":44},"end":{"line":233,"column":null}},"58":{"start":{"line":243,"column":44},"end":{"line":245,"column":null}},"59":{"start":{"line":258,"column":51},"end":{"line":258,"column":null}},"60":{"start":{"line":298,"column":51},"end":{"line":298,"column":null}},"61":{"start":{"line":308,"column":51},"end":{"line":308,"column":null}}},"fnMap":{"0":{"name":"WarehousesPage","decl":{"start":{"line":13,"column":24},"end":{"line":13,"column":41}},"loc":{"start":{"line":13,"column":41},"end":{"line":325,"column":null}},"line":13},"1":{"name":"(anonymous_1)","decl":{"start":{"line":24,"column":10},"end":{"line":24,"column":23}},"loc":{"start":{"line":24,"column":23},"end":{"line":33,"column":null}},"line":24},"2":{"name":"(anonymous_2)","decl":{"start":{"line":27,"column":13},"end":{"line":27,"column":19}},"loc":{"start":{"line":27,"column":30},"end":{"line":30,"column":13}},"line":27},"3":{"name":"(anonymous_3)","decl":{"start":{"line":31,"column":13},"end":{"line":31,"column":25}},"loc":{"start":{"line":31,"column":25},"end":{"line":31,"column":64}},"line":31},"4":{"name":"(anonymous_4)","decl":{"start":{"line":32,"column":13},"end":{"line":32,"column":27}},"loc":{"start":{"line":32,"column":27},"end":{"line":32,"column":44}},"line":32},"5":{"name":"(anonymous_5)","decl":{"start":{"line":34,"column":4},"end":{"line":34,"column":20}},"loc":{"start":{"line":34,"column":20},"end":{"line":37,"column":7}},"line":34},"6":{"name":"(anonymous_6)","decl":{"start":{"line":35,"column":22},"end":{"line":35,"column":39}},"loc":{"start":{"line":35,"column":39},"end":{"line":35,"column":47}},"line":35},"7":{"name":"(anonymous_7)","decl":{"start":{"line":36,"column":8},"end":{"line":36,"column":21}},"loc":{"start":{"line":36,"column":21},"end":{"line":36,"column":null}},"line":36},"8":{"name":"(anonymous_8)","decl":{"start":{"line":39,"column":10},"end":{"line":39,"column":29}},"loc":{"start":{"line":39,"column":29},"end":{"line":47,"column":null}},"line":39},"9":{"name":"(anonymous_9)","decl":{"start":{"line":48,"column":10},"end":{"line":48,"column":22}},"loc":{"start":{"line":48,"column":39},"end":{"line":55,"column":null}},"line":48},"10":{"name":"(anonymous_10)","decl":{"start":{"line":57,"column":23},"end":{"line":57,"column":35}},"loc":{"start":{"line":57,"column":35},"end":{"line":78,"column":null}},"line":57},"11":{"name":"(anonymous_11)","decl":{"start":{"line":79,"column":25},"end":{"line":79,"column":37}},"loc":{"start":{"line":79,"column":37},"end":{"line":88,"column":null}},"line":79},"12":{"name":"(anonymous_12)","decl":{"start":{"line":108,"column":24},"end":{"line":108,"column":39}},"loc":{"start":{"line":108,"column":39},"end":{"line":108,"column":null}},"line":108},"13":{"name":"(anonymous_13)","decl":{"start":{"line":135,"column":48},"end":{"line":135,"column":53}},"loc":{"start":{"line":136,"column":40},"end":{"line":172,"column":null}},"line":136},"14":{"name":"(anonymous_14)","decl":{"start":{"line":159,"column":52},"end":{"line":159,"column":67}},"loc":{"start":{"line":159,"column":67},"end":{"line":159,"column":null}},"line":159},"15":{"name":"(anonymous_15)","decl":{"start":{"line":165,"column":52},"end":{"line":165,"column":null}},"loc":{"start":{"line":166,"column":56},"end":{"line":166,"column":null}},"line":166},"16":{"name":"(anonymous_16)","decl":{"start":{"line":196,"column":36},"end":{"line":196,"column":51}},"loc":{"start":{"line":196,"column":51},"end":{"line":196,"column":null}},"line":196},"17":{"name":"(anonymous_17)","decl":{"start":{"line":207,"column":40},"end":{"line":207,"column":51}},"loc":{"start":{"line":208,"column":44},"end":{"line":211,"column":null}},"line":208},"18":{"name":"(anonymous_18)","decl":{"start":{"line":223,"column":40},"end":{"line":223,"column":51}},"loc":{"start":{"line":224,"column":44},"end":{"line":233,"column":null}},"line":224},"19":{"name":"(anonymous_19)","decl":{"start":{"line":242,"column":50},"end":{"line":242,"column":55}},"loc":{"start":{"line":243,"column":44},"end":{"line":245,"column":null}},"line":243},"20":{"name":"(anonymous_20)","decl":{"start":{"line":258,"column":36},"end":{"line":258,"column":51}},"loc":{"start":{"line":258,"column":51},"end":{"line":258,"column":null}},"line":258},"21":{"name":"(anonymous_21)","decl":{"start":{"line":298,"column":36},"end":{"line":298,"column":51}},"loc":{"start":{"line":298,"column":51},"end":{"line":298,"column":null}},"line":298},"22":{"name":"(anonymous_22)","decl":{"start":{"line":308,"column":36},"end":{"line":308,"column":51}},"loc":{"start":{"line":308,"column":51},"end":{"line":308,"column":null}},"line":308}},"branchMap":{"0":{"loc":{"start":{"line":43,"column":22},"end":{"line":43,"column":null}},"type":"cond-expr","locations":[{"start":{"line":43,"column":40},"end":{"line":43,"column":66}},{"start":{"line":43,"column":66},"end":{"line":43,"column":null}}],"line":43},"1":{"loc":{"start":{"line":50,"column":18},"end":{"line":50,"column":null}},"type":"binary-expr","locations":[{"start":{"line":50,"column":18},"end":{"line":50,"column":28}},{"start":{"line":50,"column":28},"end":{"line":50,"column":null}}],"line":50},"2":{"loc":{"start":{"line":51,"column":22},"end":{"line":51,"column":null}},"type":"cond-expr","locations":[{"start":{"line":51,"column":35},"end":{"line":51,"column":59}},{"start":{"line":51,"column":59},"end":{"line":51,"column":null}}],"line":51},"3":{"loc":{"start":{"line":62,"column":26},"end":{"line":64,"column":null}},"type":"cond-expr","locations":[{"start":{"line":63,"column":22},"end":{"line":63,"column":null}},{"start":{"line":64,"column":22},"end":{"line":64,"column":null}}],"line":62},"4":{"loc":{"start":{"line":66,"column":12},"end":{"line":70,"column":null}},"type":"if","locations":[{"start":{"line":66,"column":12},"end":{"line":70,"column":null}},{"start":{"line":68,"column":19},"end":{"line":70,"column":null}}],"line":66},"5":{"loc":{"start":{"line":80,"column":8},"end":{"line":80,"column":null}},"type":"if","locations":[{"start":{"line":80,"column":8},"end":{"line":80,"column":null}},{"start":{},"end":{}}],"line":80},"6":{"loc":{"start":{"line":103,"column":13},"end":{"line":110,"column":null}},"type":"binary-expr","locations":[{"start":{"line":103,"column":13},"end":{"line":103,"column":null}},{"start":{"line":104,"column":16},"end":{"line":110,"column":null}}],"line":103},"7":{"loc":{"start":{"line":114,"column":21},"end":{"line":176,"column":null}},"type":"cond-expr","locations":[{"start":{"line":115,"column":24},"end":{"line":118,"column":35}},{"start":{"line":118,"column":24},"end":{"line":176,"column":null}}],"line":114},"8":{"loc":{"start":{"line":118,"column":24},"end":{"line":176,"column":null}},"type":"cond-expr","locations":[{"start":{"line":119,"column":24},"end":{"line":124,"column":25}},{"start":{"line":124,"column":24},"end":{"line":176,"column":null}}],"line":118},"9":{"loc":{"start":{"line":141,"column":49},"end":{"line":141,"column":null}},"type":"binary-expr","locations":[{"start":{"line":141,"column":49},"end":{"line":141,"column":59}},{"start":{"line":141,"column":59},"end":{"line":141,"column":null}}],"line":141},"10":{"loc":{"start":{"line":144,"column":49},"end":{"line":155,"column":null}},"type":"cond-expr","locations":[{"start":{"line":145,"column":52},"end":{"line":151,"column":53}},{"start":{"line":151,"column":52},"end":{"line":155,"column":null}}],"line":144},"11":{"loc":{"start":{"line":147,"column":57},"end":{"line":148,"column":null}},"type":"binary-expr","locations":[{"start":{"line":147,"column":57},"end":{"line":147,"column":null}},{"start":{"line":148,"column":60},"end":{"line":148,"column":null}}],"line":147},"12":{"loc":{"start":{"line":181,"column":13},"end":{"line":281,"column":null}},"type":"binary-expr","locations":[{"start":{"line":181,"column":13},"end":{"line":181,"column":null}},{"start":{"line":182,"column":16},"end":{"line":281,"column":null}}],"line":181},"13":{"loc":{"start":{"line":191,"column":37},"end":{"line":191,"column":75}},"type":"cond-expr","locations":[{"start":{"line":191,"column":55},"end":{"line":191,"column":66}},{"start":{"line":191,"column":66},"end":{"line":191,"column":75}}],"line":191},"14":{"loc":{"start":{"line":222,"column":47},"end":{"line":222,"column":null}},"type":"binary-expr","locations":[{"start":{"line":222,"column":47},"end":{"line":222,"column":68}},{"start":{"line":222,"column":68},"end":{"line":222,"column":null}}],"line":222},"15":{"loc":{"start":{"line":226,"column":58},"end":{"line":232,"column":null}},"type":"cond-expr","locations":[{"start":{"line":227,"column":54},"end":{"line":231,"column":null}},{"start":{"line":232,"column":54},"end":{"line":232,"column":null}}],"line":226},"16":{"loc":{"start":{"line":238,"column":45},"end":{"line":240,"column":null}},"type":"cond-expr","locations":[{"start":{"line":239,"column":50},"end":{"line":239,"column":null}},{"start":{"line":240,"column":50},"end":{"line":240,"column":null}}],"line":238},"17":{"loc":{"start":{"line":249,"column":41},"end":{"line":251,"column":null}},"type":"cond-expr","locations":[{"start":{"line":250,"column":46},"end":{"line":250,"column":null}},{"start":{"line":251,"column":46},"end":{"line":251,"column":null}}],"line":249},"18":{"loc":{"start":{"line":266,"column":40},"end":{"line":268,"column":null}},"type":"binary-expr","locations":[{"start":{"line":266,"column":40},"end":{"line":266,"column":null}},{"start":{"line":267,"column":40},"end":{"line":267,"column":null}},{"start":{"line":268,"column":40},"end":{"line":268,"column":null}}],"line":266},"19":{"loc":{"start":{"line":271,"column":37},"end":{"line":274,"column":48}},"type":"binary-expr","locations":[{"start":{"line":271,"column":37},"end":{"line":271,"column":null}},{"start":{"line":272,"column":40},"end":{"line":274,"column":48}}],"line":271},"20":{"loc":{"start":{"line":274,"column":37},"end":{"line":276,"column":null}},"type":"cond-expr","locations":[{"start":{"line":275,"column":42},"end":{"line":275,"column":null}},{"start":{"line":276,"column":42},"end":{"line":276,"column":null}}],"line":274},"21":{"loc":{"start":{"line":284,"column":13},"end":{"line":321,"column":null}},"type":"binary-expr","locations":[{"start":{"line":284,"column":13},"end":{"line":284,"column":null}},{"start":{"line":285,"column":16},"end":{"line":321,"column":null}}],"line":284}},"s":{"0":0,"1":0,"2":0,"3":0,"4":0,"5":0,"6":0,"7":0,"8":0,"9":0,"10":0,"11":0,"12":0,"13":0,"14":0,"15":0,"16":0,"17":0,"18":0,"19":0,"20":0,"21":0,"22":0,"23":0,"24":0,"25":0,"26":0,"27":0,"28":0,"29":0,"30":0,"31":0,"32":0,"33":0,"34":0,"35":0,"36":0,"37":0,"38":0,"39":0,"40":0,"41":0,"42":0,"43":0,"44":0,"45":0,"46":0,"47":0,"48":0,"49":0,"50":0,"51":0,"52":0,"53":0,"54":0,"55":0,"56":0,"57":0,"58":0,"59":0,"60":0,"61":0},"f":{"0":0,"1":0,"2":0,"3":0,"4":0,"5":0,"6":0,"7":0,"8":0,"9":0,"10":0,"11":0,"12":0,"13":0,"14":0,"15":0,"16":0,"17":0,"18":0,"19":0,"20":0,"21":0,"22":0},"b":{"0":[0,0],"1":[0,0],"2":[0,0],"3":[0,0],"4":[0,0],"5":[0,0],"6":[0,0],"7":[0,0],"8":[0,0],"9":[0,0],"10":[0,0],"11":[0,0],"12":[0,0],"13":[0,0],"14":[0,0],"15":[0,0],"16":[0,0],"17":[0,0],"18":[0,0,0],"19":[0,0],"20":[0,0],"21":[0,0]},"meta":{"lastBranch":22,"lastFunction":23,"lastStatement":62,"seen":{"s:11:30:11:Infinity":0,"f:13:24:13:41":0,"s:14:23:14:Infinity":1,"s:15:21:15:Infinity":2,"s:16:20:16:Infinity":3,"s:17:18:17:Infinity":4,"s:18:17:18:Infinity":5,"s:19:19:19:Infinity":6,"s:20:22:20:Infinity":7,"s:21:19:21:Infinity":8,"s:22:25:22:Infinity":9,"s:24:10:33:Infinity":10,"f:24:10:24:23":1,"s:25:8:25:Infinity":11,"s:26:8:32:Infinity":12,"f:27:13:27:19":2,"s:28:16:28:Infinity":13,"s:29:16:29:Infinity":14,"f:31:13:31:25":3,"s:31:25:31:64":15,"f:32:13:32:27":4,"s:32:27:32:44":16,"s:34:4:37:Infinity":17,"f:34:4:34:20":5,"s:35:22:35:Infinity":18,"f:35:22:35:39":6,"s:35:39:35:47":19,"s:36:8:36:Infinity":20,"f:36:8:36:21":7,"s:36:21:36:Infinity":21,"s:39:10:47:Infinity":22,"f:39:10:39:29":8,"s:40:32:40:Infinity":23,"s:41:8:44:Infinity":24,"b:43:40:43:66:43:66:43:Infinity":0,"s:45:8:45:Infinity":25,"s:46:8:46:Infinity":26,"s:48:10:55:Infinity":27,"f:48:10:48:22":9,"s:49:8:52:Infinity":28,"b:50:18:50:28:50:28:50:Infinity":1,"b:51:35:51:59:51:59:51:Infinity":2,"s:53:8:53:Infinity":29,"s:54:8:54:Infinity":30,"s:57:23:78:Infinity":31,"f:57:23:57:35":10,"s:58:8:58:Infinity":32,"s:59:8:77:Infinity":33,"s:60:44:65:Infinity":34,"b:63:22:63:Infinity:64:22:64:Infinity":3,"b:66:12:70:Infinity:68:19:70:Infinity":4,"s:66:12:70:Infinity":35,"s:67:16:67:Infinity":36,"s:69:16:69:Infinity":37,"s:71:12:71:Infinity":38,"s:72:12:72:Infinity":39,"s:74:12:74:Infinity":40,"s:76:12:76:Infinity":41,"s:79:25:88:Infinity":42,"f:79:25:79:37":11,"b:80:8:80:Infinity:undefined:undefined:undefined:undefined":5,"s:80:8:80:Infinity":43,"s:80:27:80:Infinity":44,"s:81:8:87:Infinity":45,"s:82:12:82:Infinity":46,"s:83:12:83:Infinity":47,"s:84:12:84:Infinity":48,"s:86:12:86:Infinity":49,"s:90:4:323:Infinity":50,"b:103:13:103:Infinity:104:16:110:Infinity":6,"f:108:24:108:39":12,"s:108:39:108:Infinity":51,"b:115:24:118:35:118:24:176:Infinity":7,"b:119:24:124:25:124:24:176:Infinity":8,"f:135:48:135:53":13,"s:136:40:172:Infinity":52,"b:141:49:141:59:141:59:141:Infinity":9,"b:145:52:151:53:151:52:155:Infinity":10,"b:147:57:147:Infinity:148:60:148:Infinity":11,"f:159:52:159:67":14,"s:159:67:159:Infinity":53,"f:165:52:165:Infinity":15,"s:166:56:166:Infinity":54,"b:181:13:181:Infinity:182:16:281:Infinity":12,"b:191:55:191:66:191:66:191:75":13,"f:196:36:196:51":16,"s:196:51:196:Infinity":55,"f:207:40:207:51":17,"s:208:44:211:Infinity":56,"b:222:47:222:68:222:68:222:Infinity":14,"f:223:40:223:51":18,"s:224:44:233:Infinity":57,"b:227:54:231:Infinity:232:54:232:Infinity":15,"b:239:50:239:Infinity:240:50:240:Infinity":16,"f:242:50:242:55":19,"s:243:44:245:Infinity":58,"b:250:46:250:Infinity:251:46:251:Infinity":17,"f:258:36:258:51":20,"s:258:51:258:Infinity":59,"b:266:40:266:Infinity:267:40:267:Infinity:268:40:268:Infinity":18,"b:271:37:271:Infinity:272:40:274:48":19,"b:275:42:275:Infinity:276:42:276:Infinity":20,"b:284:13:284:Infinity:285:16:321:Infinity":21,"f:298:36:298:51":21,"s:298:51:298:Infinity":60,"f:308:36:308:51":22,"s:308:51:308:Infinity":61},"fnNames":{}}}
,"C:\\Users\\dainz\\code\\duoc\\FULLSTACK\\frontend\\src\\types\\index.ts": {"path":"C:\\Users\\dainz\\code\\duoc\\FULLSTACK\\frontend\\src\\types\\index.ts","statementMap":{},"fnMap":{},"branchMap":{},"s":{},"f":{},"b":{},"meta":{"lastBranch":0,"lastFunction":0,"lastStatement":0,"seen":{},"fnNames":{}}}
}
